{"/home/travis/build/npmtest/node-npmtest-react-tools/test.js":{"path":"/home/travis/build/npmtest/node-npmtest-react-tools/test.js","s":{"1":2,"2":2,"3":2,"4":2,"5":2,"6":2,"7":2,"8":1,"9":2,"10":2,"11":1,"12":1,"13":1,"14":1,"15":2,"16":2,"17":2,"18":2,"19":1,"20":1,"21":2,"22":2,"23":2,"24":1,"25":1,"26":1,"27":1,"28":1,"29":1,"30":1,"31":1,"32":1,"33":1,"34":1,"35":1,"36":1,"37":1,"38":1,"39":2,"40":2,"41":1,"42":2,"43":2,"44":1,"45":2,"46":2,"47":1,"48":2,"49":2,"50":1,"51":1,"52":1,"53":1,"54":1},"b":{"1":[2,1,1,1],"2":[1,1,1,1],"3":[1,1],"4":[1,1],"5":[1,1],"6":[1,1],"7":[1,1],"8":[1,1],"9":[1,1],"10":[1,1,1],"11":[1,1],"12":[1,1],"13":[1,1],"14":[1,1],"15":[1,1],"16":[1,1],"17":[1,1]},"f":{"1":2,"2":2,"3":2,"4":2,"5":2,"6":1,"7":1,"8":1,"9":2,"10":2,"11":2,"12":2,"13":1},"fnMap":{"1":{"name":"(anonymous_1)","line":12,"loc":{"start":{"line":12,"column":1},"end":{"line":12,"column":13}}},"2":{"name":"(anonymous_2)","line":19,"loc":{"start":{"line":19,"column":5},"end":{"line":19,"column":17}}},"3":{"name":"(anonymous_3)","line":23,"loc":{"start":{"line":23,"column":24},"end":{"line":23,"column":36}}},"4":{"name":"(anonymous_4)","line":61,"loc":{"start":{"line":61,"column":5},"end":{"line":61,"column":17}}},"5":{"name":"(anonymous_5)","line":82,"loc":{"start":{"line":82,"column":5},"end":{"line":82,"column":17}}},"6":{"name":"(anonymous_6)","line":91,"loc":{"start":{"line":91,"column":77},"end":{"line":94,"column":10}}},"7":{"name":"(anonymous_7)","line":112,"loc":{"start":{"line":112,"column":83},"end":{"line":115,"column":10}},"skip":true},"8":{"name":"(anonymous_8)","line":123,"loc":{"start":{"line":123,"column":77},"end":{"line":126,"column":10}},"skip":true},"9":{"name":"(anonymous_9)","line":139,"loc":{"start":{"line":139,"column":12},"end":{"line":139,"column":40}},"skip":true},"10":{"name":"(anonymous_10)","line":147,"loc":{"start":{"line":147,"column":77},"end":{"line":150,"column":10}},"skip":true},"11":{"name":"(anonymous_11)","line":158,"loc":{"start":{"line":158,"column":83},"end":{"line":161,"column":10}},"skip":true},"12":{"name":"(anonymous_12)","line":169,"loc":{"start":{"line":169,"column":79},"end":{"line":172,"column":10}},"skip":true},"13":{"name":"(anonymous_13)","line":180,"loc":{"start":{"line":180,"column":75},"end":{"line":183,"column":10}},"skip":true}},"statementMap":{"1":{"start":{"line":12,"column":0},"end":{"line":195,"column":5}},"2":{"start":{"line":14,"column":4},"end":{"line":14,"column":14}},"3":{"start":{"line":19,"column":4},"end":{"line":56,"column":9}},"4":{"start":{"line":21,"column":8},"end":{"line":21,"column":19}},"5":{"start":{"line":23,"column":8},"end":{"line":35,"column":13}},"6":{"start":{"line":24,"column":12},"end":{"line":34,"column":13}},"7":{"start":{"line":25,"column":16},"end":{"line":28,"column":30}},"8":{"start":{"line":30,"column":16},"end":{"line":33,"column":27}},"9":{"start":{"line":37,"column":8},"end":{"line":39,"column":21}},"10":{"start":{"line":40,"column":8},"end":{"line":53,"column":9}},"11":{"start":{"line":43,"column":12},"end":{"line":46,"column":14}},"12":{"start":{"line":47,"column":12},"end":{"line":47,"column":18}},"13":{"start":{"line":50,"column":12},"end":{"line":51,"column":46}},"14":{"start":{"line":52,"column":12},"end":{"line":52,"column":18}},"15":{"start":{"line":55,"column":8},"end":{"line":55,"column":35}},"16":{"start":{"line":61,"column":4},"end":{"line":63,"column":9}},"17":{"start":{"line":62,"column":8},"end":{"line":62,"column":15}},"18":{"start":{"line":64,"column":4},"end":{"line":77,"column":5}},"19":{"start":{"line":70,"column":8},"end":{"line":70,"column":14}},"20":{"start":{"line":76,"column":8},"end":{"line":76,"column":14}},"21":{"start":{"line":82,"column":4},"end":{"line":84,"column":9}},"22":{"start":{"line":83,"column":8},"end":{"line":83,"column":15}},"23":{"start":{"line":85,"column":4},"end":{"line":194,"column":5}},"24":{"start":{"line":91,"column":8},"end":{"line":99,"column":10}},"25":{"start":{"line":98,"column":12},"end":{"line":98,"column":35}},"26":{"start":{"line":102,"column":8},"end":{"line":104,"column":63}},"27":{"start":{"line":105,"column":8},"end":{"line":105,"column":14}},"28":{"start":{"line":112,"column":8},"end":{"line":121,"column":10},"skip":true},"29":{"start":{"line":119,"column":12},"end":{"line":119,"column":55},"skip":true},"30":{"start":{"line":120,"column":12},"end":{"line":120,"column":48},"skip":true},"31":{"start":{"line":123,"column":8},"end":{"line":136,"column":10},"skip":true},"32":{"start":{"line":130,"column":12},"end":{"line":130,"column":76},"skip":true},"33":{"start":{"line":131,"column":12},"end":{"line":131,"column":73},"skip":true},"34":{"start":{"line":132,"column":12},"end":{"line":132,"column":74},"skip":true},"35":{"start":{"line":133,"column":12},"end":{"line":133,"column":79},"skip":true},"36":{"start":{"line":134,"column":12},"end":{"line":134,"column":25},"skip":true},"37":{"start":{"line":135,"column":12},"end":{"line":135,"column":45},"skip":true},"38":{"start":{"line":138,"column":8},"end":{"line":145,"column":14},"skip":true},"39":{"start":{"line":143,"column":16},"end":{"line":143,"column":29},"skip":true},"40":{"start":{"line":144,"column":16},"end":{"line":144,"column":55},"skip":true},"41":{"start":{"line":147,"column":8},"end":{"line":156,"column":10},"skip":true},"42":{"start":{"line":154,"column":12},"end":{"line":154,"column":25},"skip":true},"43":{"start":{"line":155,"column":12},"end":{"line":155,"column":45},"skip":true},"44":{"start":{"line":158,"column":8},"end":{"line":167,"column":10},"skip":true},"45":{"start":{"line":165,"column":12},"end":{"line":165,"column":25},"skip":true},"46":{"start":{"line":166,"column":12},"end":{"line":166,"column":48},"skip":true},"47":{"start":{"line":169,"column":8},"end":{"line":178,"column":10},"skip":true},"48":{"start":{"line":176,"column":12},"end":{"line":176,"column":25},"skip":true},"49":{"start":{"line":177,"column":12},"end":{"line":177,"column":46},"skip":true},"50":{"start":{"line":180,"column":8},"end":{"line":189,"column":10},"skip":true},"51":{"start":{"line":187,"column":12},"end":{"line":187,"column":94},"skip":true},"52":{"start":{"line":188,"column":12},"end":{"line":188,"column":48},"skip":true},"53":{"start":{"line":192,"column":8},"end":{"line":192,"column":35},"skip":true},"54":{"start":{"line":193,"column":8},"end":{"line":193,"column":14},"skip":true}},"branchMap":{"1":{"line":25,"type":"binary-expr","locations":[{"start":{"line":25,"column":23},"end":{"line":25,"column":62}},{"start":{"line":26,"column":20},"end":{"line":26,"column":70}},{"start":{"line":27,"column":20},"end":{"line":27,"column":71}},{"start":{"line":28,"column":20},"end":{"line":28,"column":29}}]},"2":{"line":30,"type":"binary-expr","locations":[{"start":{"line":30,"column":23},"end":{"line":30,"column":37}},{"start":{"line":31,"column":20},"end":{"line":31,"column":61}},{"start":{"line":32,"column":20},"end":{"line":32,"column":70}},{"start":{"line":33,"column":20},"end":{"line":33,"column":26}}]},"3":{"line":37,"type":"cond-expr","locations":[{"start":{"line":38,"column":14},"end":{"line":38,"column":20}},{"start":{"line":39,"column":14},"end":{"line":39,"column":20}}]},"4":{"line":40,"type":"switch","locations":[{"start":{"line":42,"column":8},"end":{"line":47,"column":18}},{"start":{"line":49,"column":8},"end":{"line":52,"column":18}}]},"5":{"line":44,"type":"binary-expr","locations":[{"start":{"line":44,"column":16},"end":{"line":44,"column":44}},{"start":{"line":44,"column":48},"end":{"line":44,"column":66}}]},"6":{"line":50,"type":"binary-expr","locations":[{"start":{"line":50,"column":21},"end":{"line":50,"column":49}},{"start":{"line":50,"column":53},"end":{"line":50,"column":72}}]},"7":{"line":64,"type":"switch","locations":[{"start":{"line":69,"column":4},"end":{"line":70,"column":14}},{"start":{"line":75,"column":4},"end":{"line":76,"column":14}}]},"8":{"line":85,"type":"switch","locations":[{"start":{"line":90,"column":4},"end":{"line":105,"column":14}},{"start":{"line":111,"column":4},"end":{"line":193,"column":14},"skip":true}]},"9":{"line":91,"type":"binary-expr","locations":[{"start":{"line":91,"column":42},"end":{"line":91,"column":73}},{"start":{"line":91,"column":77},"end":{"line":99,"column":9}}]},"10":{"line":102,"type":"binary-expr","locations":[{"start":{"line":102,"column":18},"end":{"line":102,"column":32}},{"start":{"line":103,"column":12},"end":{"line":103,"column":53}},{"start":{"line":104,"column":12},"end":{"line":104,"column":61}}]},"11":{"line":112,"type":"binary-expr","locations":[{"start":{"line":112,"column":45},"end":{"line":112,"column":79},"skip":true},{"start":{"line":112,"column":83},"end":{"line":121,"column":9},"skip":true}]},"12":{"line":123,"type":"binary-expr","locations":[{"start":{"line":123,"column":42},"end":{"line":123,"column":73},"skip":true},{"start":{"line":123,"column":77},"end":{"line":136,"column":9},"skip":true}]},"13":{"line":138,"type":"binary-expr","locations":[{"start":{"line":138,"column":48},"end":{"line":138,"column":85},"skip":true},{"start":{"line":139,"column":12},"end":{"line":145,"column":13},"skip":true}]},"14":{"line":147,"type":"binary-expr","locations":[{"start":{"line":147,"column":42},"end":{"line":147,"column":73},"skip":true},{"start":{"line":147,"column":77},"end":{"line":156,"column":9},"skip":true}]},"15":{"line":158,"type":"binary-expr","locations":[{"start":{"line":158,"column":45},"end":{"line":158,"column":79},"skip":true},{"start":{"line":158,"column":83},"end":{"line":167,"column":9},"skip":true}]},"16":{"line":169,"type":"binary-expr","locations":[{"start":{"line":169,"column":43},"end":{"line":169,"column":75},"skip":true},{"start":{"line":169,"column":79},"end":{"line":178,"column":9},"skip":true}]},"17":{"line":180,"type":"binary-expr","locations":[{"start":{"line":180,"column":41},"end":{"line":180,"column":71},"skip":true},{"start":{"line":180,"column":75},"end":{"line":189,"column":9},"skip":true}]}},"code":["/* istanbul instrument in package npmtest_react_tools */","/*jslint","    bitwise: true,","    browser: true,","    maxerr: 8,","    maxlen: 96,","    node: true,","    nomen: true,","    regexp: true,","    stupid: true","*/","(function () {","    'use strict';","    var local;","","","","    // run shared js-env code - pre-init","    (function () {","        // init local","        local = {};","        // init modeJs","        local.modeJs = (function () {","            try {","                return typeof navigator.userAgent === 'string' &&","                    typeof document.querySelector('body') === 'object' &&","                    typeof XMLHttpRequest.prototype.open === 'function' &&","                    'browser';","            } catch (errorCaughtBrowser) {","                return module.exports &&","                    typeof process.versions.node === 'string' &&","                    typeof require('http').createServer === 'function' &&","                    'node';","            }","        }());","        // init global","        local.global = local.modeJs === 'browser'","            ? window","            : global;","        switch (local.modeJs) {","        // re-init local from window.local","        case 'browser':","            local = local.global.utility2.objectSetDefault(","                local.global.utility2_rollup || local.global.local,","                local.global.utility2","            );","            break;","        // re-init local from example.js","        case 'node':","            local = (local.global.utility2_rollup || require('utility2'))","                .requireExampleJsFromReadme();","            break;","        }","        // export local","        local.global.local = local;","    }());","","","","    // run shared js-env code - function","    (function () {","        return;","    }());","    switch (local.modeJs) {","","","","    // run browser js-env code - function","    case 'browser':","        break;","","","","    // run node js-env code - function","    case 'node':","        break;","    }","","","","    // run shared js-env code - post-init","    (function () {","        return;","    }());","    switch (local.modeJs) {","","","","    // run browser js-env code - post-init","    case 'browser':","        local.testCase_browser_nullCase = local.testCase_browser_nullCase || function (","            options,","            onError","        ) {","        /*","         * this function will test browsers's null-case handling-behavior-behavior","         */","            onError(null, options);","        };","","        // run tests","        local.nop(local.modeTest &&","            document.querySelector('#testRunButton1') &&","            document.querySelector('#testRunButton1').click());","        break;","","","","    // run node js-env code - post-init","    /* istanbul ignore next */","    case 'node':","        local.testCase_buildApidoc_default = local.testCase_buildApidoc_default || function (","            options,","            onError","        ) {","        /*","         * this function will test buildApidoc's default handling-behavior-behavior","         */","            options = { modulePathList: module.paths };","            local.buildApidoc(options, onError);","        };","","        local.testCase_buildApp_default = local.testCase_buildApp_default || function (","            options,","            onError","        ) {","        /*","         * this function will test buildApp's default handling-behavior-behavior","         */","            local.testCase_buildReadme_default(options, local.onErrorThrow);","            local.testCase_buildLib_default(options, local.onErrorThrow);","            local.testCase_buildTest_default(options, local.onErrorThrow);","            local.testCase_buildCustomOrg_default(options, local.onErrorThrow);","            options = [];","            local.buildApp(options, onError);","        };","","        local.testCase_buildCustomOrg_default = local.testCase_buildCustomOrg_default ||","            function (options, onError) {","            /*","             * this function will test buildCustomOrg's default handling-behavior","             */","                options = {};","                local.buildCustomOrg(options, onError);","            };","","        local.testCase_buildLib_default = local.testCase_buildLib_default || function (","            options,","            onError","        ) {","        /*","         * this function will test buildLib's default handling-behavior","         */","            options = {};","            local.buildLib(options, onError);","        };","","        local.testCase_buildReadme_default = local.testCase_buildReadme_default || function (","            options,","            onError","        ) {","        /*","         * this function will test buildReadme's default handling-behavior-behavior","         */","            options = {};","            local.buildReadme(options, onError);","        };","","        local.testCase_buildTest_default = local.testCase_buildTest_default || function (","            options,","            onError","        ) {","        /*","         * this function will test buildTest's default handling-behavior","         */","            options = {};","            local.buildTest(options, onError);","        };","","        local.testCase_webpage_default = local.testCase_webpage_default || function (","            options,","            onError","        ) {","        /*","         * this function will test webpage's default handling-behavior","         */","            options = { modeCoverageMerge: true, url: local.serverLocalHost + '?modeTest=1' };","            local.browserTest(options, onError);","        };","","        // run test-server","        local.testRunServer(local);","        break;","    }","}());",""],"l":{"12":2,"14":2,"19":2,"21":2,"23":2,"24":2,"25":2,"30":1,"37":2,"40":2,"43":1,"47":1,"50":1,"52":1,"55":2,"61":2,"62":2,"64":2,"70":1,"76":1,"82":2,"83":2,"85":2,"91":1,"98":1,"102":1,"105":1,"112":1,"119":1,"120":1,"123":1,"130":1,"131":1,"132":1,"133":1,"134":1,"135":1,"138":1,"143":2,"144":2,"147":1,"154":2,"155":2,"158":1,"165":2,"166":2,"169":1,"176":2,"177":2,"180":1,"187":1,"188":1,"192":1,"193":1}},"/home/travis/build/npmtest/node-npmtest-react-tools/lib.npmtest_react_tools.js":{"path":"/home/travis/build/npmtest/node-npmtest-react-tools/lib.npmtest_react_tools.js","s":{"1":2,"2":2,"3":2,"4":2,"5":2,"6":2,"7":2,"8":1,"9":2,"10":2,"11":2,"12":2,"13":1,"14":1,"15":1,"16":1},"b":{"1":[2,1,1,1],"2":[1,1,1,1],"3":[1,1],"4":[2,2],"5":[1,1]},"f":{"1":2,"2":2,"3":2},"fnMap":{"1":{"name":"(anonymous_1)","line":12,"loc":{"start":{"line":12,"column":1},"end":{"line":12,"column":13}}},"2":{"name":"(anonymous_2)","line":19,"loc":{"start":{"line":19,"column":5},"end":{"line":19,"column":17}}},"3":{"name":"(anonymous_3)","line":23,"loc":{"start":{"line":23,"column":24},"end":{"line":23,"column":36}}}},"statementMap":{"1":{"start":{"line":12,"column":0},"end":{"line":53,"column":5}},"2":{"start":{"line":14,"column":4},"end":{"line":14,"column":14}},"3":{"start":{"line":19,"column":4},"end":{"line":52,"column":9}},"4":{"start":{"line":21,"column":8},"end":{"line":21,"column":19}},"5":{"start":{"line":23,"column":8},"end":{"line":35,"column":13}},"6":{"start":{"line":24,"column":12},"end":{"line":34,"column":13}},"7":{"start":{"line":25,"column":16},"end":{"line":28,"column":30}},"8":{"start":{"line":30,"column":16},"end":{"line":33,"column":27}},"9":{"start":{"line":37,"column":8},"end":{"line":39,"column":21}},"10":{"start":{"line":41,"column":8},"end":{"line":41,"column":54}},"11":{"start":{"line":43,"column":8},"end":{"line":43,"column":56}},"12":{"start":{"line":45,"column":8},"end":{"line":51,"column":9}},"13":{"start":{"line":46,"column":12},"end":{"line":46,"column":62}},"14":{"start":{"line":48,"column":12},"end":{"line":48,"column":35}},"15":{"start":{"line":49,"column":12},"end":{"line":49,"column":49}},"16":{"start":{"line":50,"column":12},"end":{"line":50,"column":43}}},"branchMap":{"1":{"line":25,"type":"binary-expr","locations":[{"start":{"line":25,"column":23},"end":{"line":25,"column":62}},{"start":{"line":26,"column":20},"end":{"line":26,"column":70}},{"start":{"line":27,"column":20},"end":{"line":27,"column":71}},{"start":{"line":28,"column":20},"end":{"line":28,"column":29}}]},"2":{"line":30,"type":"binary-expr","locations":[{"start":{"line":30,"column":23},"end":{"line":30,"column":37}},{"start":{"line":31,"column":20},"end":{"line":31,"column":61}},{"start":{"line":32,"column":20},"end":{"line":32,"column":70}},{"start":{"line":33,"column":20},"end":{"line":33,"column":26}}]},"3":{"line":37,"type":"cond-expr","locations":[{"start":{"line":38,"column":14},"end":{"line":38,"column":20}},{"start":{"line":39,"column":14},"end":{"line":39,"column":20}}]},"4":{"line":41,"type":"binary-expr","locations":[{"start":{"line":41,"column":16},"end":{"line":41,"column":44}},{"start":{"line":41,"column":48},"end":{"line":41,"column":53}}]},"5":{"line":45,"type":"if","locations":[{"start":{"line":45,"column":8},"end":{"line":45,"column":8}},{"start":{"line":45,"column":8},"end":{"line":45,"column":8}}]}},"code":["/* istanbul instrument in package npmtest_react_tools */","/*jslint","    bitwise: true,","    browser: true,","    maxerr: 8,","    maxlen: 96,","    node: true,","    nomen: true,","    regexp: true,","    stupid: true","*/","(function () {","    'use strict';","    var local;","","","","    // run shared js-env code - pre-init","    (function () {","        // init local","        local = {};","        // init modeJs","        local.modeJs = (function () {","            try {","                return typeof navigator.userAgent === 'string' &&","                    typeof document.querySelector('body') === 'object' &&","                    typeof XMLHttpRequest.prototype.open === 'function' &&","                    'browser';","            } catch (errorCaughtBrowser) {","                return module.exports &&","                    typeof process.versions.node === 'string' &&","                    typeof require('http').createServer === 'function' &&","                    'node';","            }","        }());","        // init global","        local.global = local.modeJs === 'browser'","            ? window","            : global;","        // init utility2_rollup","        local = local.global.utility2_rollup || local;","        // init lib","        local.local = local.npmtest_react_tools = local;","        // init exports","        if (local.modeJs === 'browser') {","            local.global.utility2_npmtest_react_tools = local;","        } else {","            module.exports = local;","            module.exports.__dirname = __dirname;","            module.exports.module = module;","        }","    }());","}());",""],"l":{"12":2,"14":2,"19":2,"21":2,"23":2,"24":2,"25":2,"30":1,"37":2,"41":2,"43":2,"45":2,"46":1,"48":1,"49":1,"50":1}},"/home/travis/build/npmtest/node-npmtest-react-tools/example.js":{"path":"/home/travis/build/npmtest/node-npmtest-react-tools/example.js","s":{"1":2,"2":2,"3":2,"4":2,"5":2,"6":2,"7":2,"8":1,"9":2,"10":2,"11":2,"12":2,"13":1,"14":2,"15":2,"16":2,"17":2,"18":2,"19":0,"20":2,"21":1,"22":1,"23":1,"24":1,"25":1,"26":0,"27":0,"28":1,"29":1,"30":2,"31":0,"32":0,"33":0,"34":1,"35":2,"36":2,"37":3,"38":3,"39":3,"40":3,"41":0,"42":3,"43":3,"44":3,"45":1,"46":3,"47":1,"48":1,"49":1,"50":1,"51":1,"52":1,"53":1,"54":1,"55":1,"56":1,"57":0,"58":1,"59":6,"60":6,"61":1,"62":2,"63":0,"64":2,"65":1,"66":1,"67":0,"68":0,"69":0,"70":0,"71":0,"72":0,"73":0,"74":0,"75":0,"76":0,"77":0,"78":0,"79":0,"80":0,"81":0,"82":0,"83":0},"b":{"1":[2,1,1,1],"2":[1,1,1,1],"3":[1,1],"4":[2,2],"5":[1,1],"6":[1,1],"7":[2,0],"8":[2,1,1,1,1,1],"9":[0,2,0],"10":[1,1],"11":[2,1,1],"12":[1,0],"13":[0,2],"14":[2,0,0,0,0,0,0],"15":[0,3],"16":[3,0],"17":[1,1],"18":[0,1],"19":[1,2,0,2],"20":[1,0],"21":[1,1],"22":[0,0],"23":[0,0],"24":[0,0],"25":[0,0],"26":[0,0],"27":[0,0],"28":[0,0]},"f":{"1":2,"2":2,"3":2,"4":2,"5":2,"6":2,"7":3,"8":3,"9":3,"10":1,"11":6,"12":0},"fnMap":{"1":{"name":"(anonymous_1)","line":26,"loc":{"start":{"line":26,"column":1},"end":{"line":26,"column":13}}},"2":{"name":"(anonymous_2)","line":33,"loc":{"start":{"line":33,"column":5},"end":{"line":33,"column":17}}},"3":{"name":"(anonymous_3)","line":37,"loc":{"start":{"line":37,"column":24},"end":{"line":37,"column":36}}},"4":{"name":"(anonymous_4)","line":69,"loc":{"start":{"line":69,"column":31},"end":{"line":69,"column":48}},"skip":true},"5":{"name":"(anonymous_5)","line":78,"loc":{"start":{"line":78,"column":26},"end":{"line":78,"column":45}},"skip":true},"6":{"name":"(anonymous_6)","line":123,"loc":{"start":{"line":123,"column":33},"end":{"line":123,"column":48}},"skip":true},"7":{"name":"(anonymous_7)","line":125,"loc":{"start":{"line":125,"column":27},"end":{"line":125,"column":39}},"skip":true},"8":{"name":"(anonymous_8)","line":133,"loc":{"start":{"line":133,"column":59},"end":{"line":133,"column":74}},"skip":true},"9":{"name":"(anonymous_9)","line":143,"loc":{"start":{"line":143,"column":45},"end":{"line":143,"column":62}},"skip":true},"10":{"name":"(anonymous_10)","line":144,"loc":{"start":{"line":144,"column":73},"end":{"line":144,"column":92}},"skip":true},"11":{"name":"(anonymous_11)","line":272,"loc":{"start":{"line":272,"column":51},"end":{"line":272,"column":77}},"skip":true},"12":{"name":"(anonymous_12)","line":315,"loc":{"start":{"line":315,"column":32},"end":{"line":315,"column":61}},"skip":true}},"statementMap":{"1":{"start":{"line":26,"column":0},"end":{"line":326,"column":5}},"2":{"start":{"line":28,"column":4},"end":{"line":28,"column":14}},"3":{"start":{"line":33,"column":4},"end":{"line":60,"column":9}},"4":{"start":{"line":35,"column":8},"end":{"line":35,"column":19}},"5":{"start":{"line":37,"column":8},"end":{"line":49,"column":13}},"6":{"start":{"line":38,"column":12},"end":{"line":48,"column":13}},"7":{"start":{"line":39,"column":16},"end":{"line":42,"column":30}},"8":{"start":{"line":44,"column":16},"end":{"line":47,"column":27}},"9":{"start":{"line":51,"column":8},"end":{"line":53,"column":21}},"10":{"start":{"line":55,"column":8},"end":{"line":57,"column":45}},"11":{"start":{"line":59,"column":8},"end":{"line":59,"column":35}},"12":{"start":{"line":61,"column":4},"end":{"line":325,"column":5}},"13":{"start":{"line":69,"column":8},"end":{"line":121,"column":10},"skip":true},"14":{"start":{"line":70,"column":12},"end":{"line":88,"column":13},"skip":true},"15":{"start":{"line":76,"column":16},"end":{"line":87,"column":19},"skip":true},"16":{"start":{"line":79,"column":20},"end":{"line":86,"column":21},"skip":true},"17":{"start":{"line":82,"column":24},"end":{"line":82,"column":43},"skip":true},"18":{"start":{"line":83,"column":24},"end":{"line":83,"column":30},"skip":true},"19":{"start":{"line":85,"column":24},"end":{"line":85,"column":49},"skip":true},"20":{"start":{"line":89,"column":12},"end":{"line":107,"column":13},"skip":true},"21":{"start":{"line":92,"column":16},"end":{"line":102,"column":17},"skip":true},"22":{"start":{"line":93,"column":20},"end":{"line":93,"column":86},"skip":true},"23":{"start":{"line":94,"column":20},"end":{"line":95,"column":45},"skip":true},"24":{"start":{"line":96,"column":20},"end":{"line":96,"column":42},"skip":true},"25":{"start":{"line":97,"column":20},"end":{"line":97,"column":48},"skip":true},"26":{"start":{"line":100,"column":20},"end":{"line":100,"column":85},"skip":true},"27":{"start":{"line":101,"column":20},"end":{"line":101,"column":96},"skip":true},"28":{"start":{"line":103,"column":16},"end":{"line":103,"column":22},"skip":true},"29":{"start":{"line":106,"column":16},"end":{"line":106,"column":22},"skip":true},"30":{"start":{"line":108,"column":12},"end":{"line":120,"column":13},"skip":true},"31":{"start":{"line":114,"column":16},"end":{"line":119,"column":17},"skip":true},"32":{"start":{"line":116,"column":20},"end":{"line":116,"column":78},"skip":true},"33":{"start":{"line":118,"column":20},"end":{"line":118,"column":47},"skip":true},"34":{"start":{"line":123,"column":8},"end":{"line":141,"column":11},"skip":true},"35":{"start":{"line":124,"column":12},"end":{"line":124,"column":54},"skip":true},"36":{"start":{"line":125,"column":12},"end":{"line":140,"column":14},"skip":true},"37":{"start":{"line":126,"column":16},"end":{"line":126,"column":28},"skip":true},"38":{"start":{"line":127,"column":16},"end":{"line":127,"column":69},"skip":true},"39":{"start":{"line":128,"column":16},"end":{"line":128,"column":75},"skip":true},"40":{"start":{"line":129,"column":16},"end":{"line":131,"column":17},"skip":true},"41":{"start":{"line":130,"column":20},"end":{"line":130,"column":27},"skip":true},"42":{"start":{"line":133,"column":16},"end":{"line":137,"column":36},"skip":true},"43":{"start":{"line":134,"column":20},"end":{"line":136,"column":55},"skip":true},"44":{"start":{"line":139,"column":16},"end":{"line":139,"column":57},"skip":true},"45":{"start":{"line":143,"column":8},"end":{"line":147,"column":11},"skip":true},"46":{"start":{"line":144,"column":12},"end":{"line":146,"column":15},"skip":true},"47":{"start":{"line":145,"column":16},"end":{"line":145,"column":70},"skip":true},"48":{"start":{"line":149,"column":8},"end":{"line":149,"column":31},"skip":true},"49":{"start":{"line":150,"column":8},"end":{"line":150,"column":14},"skip":true},"50":{"start":{"line":158,"column":8},"end":{"line":158,"column":31},"skip":true},"51":{"start":{"line":160,"column":8},"end":{"line":160,"column":33},"skip":true},"52":{"start":{"line":161,"column":8},"end":{"line":161,"column":37},"skip":true},"53":{"start":{"line":162,"column":8},"end":{"line":162,"column":35},"skip":true},"54":{"start":{"line":164,"column":8},"end":{"line":164,"column":50},"skip":true},"55":{"start":{"line":166,"column":8},"end":{"line":256,"column":2},"skip":true},"56":{"start":{"line":258,"column":8},"end":{"line":286,"column":9},"skip":true},"57":{"start":{"line":259,"column":12},"end":{"line":269,"column":14},"skip":true},"58":{"start":{"line":271,"column":12},"end":{"line":285,"column":19},"skip":true},"59":{"start":{"line":274,"column":20},"end":{"line":274,"column":35},"skip":true},"60":{"start":{"line":275,"column":20},"end":{"line":284,"column":21},"skip":true},"61":{"start":{"line":277,"column":24},"end":{"line":277,"column":64},"skip":true},"62":{"start":{"line":279,"column":24},"end":{"line":279,"column":40},"skip":true},"63":{"start":{"line":281,"column":24},"end":{"line":281,"column":40},"skip":true},"64":{"start":{"line":283,"column":24},"end":{"line":283,"column":39},"skip":true},"65":{"start":{"line":288,"column":8},"end":{"line":290,"column":9},"skip":true},"66":{"start":{"line":289,"column":12},"end":{"line":289,"column":18},"skip":true},"67":{"start":{"line":291,"column":8},"end":{"line":293,"column":54},"skip":true},"68":{"start":{"line":296,"column":8},"end":{"line":301,"column":37},"skip":true},"69":{"start":{"line":303,"column":8},"end":{"line":303,"column":82},"skip":true},"70":{"start":{"line":306,"column":8},"end":{"line":308,"column":9},"skip":true},"71":{"start":{"line":307,"column":12},"end":{"line":307,"column":82},"skip":true},"72":{"start":{"line":310,"column":8},"end":{"line":312,"column":9},"skip":true},"73":{"start":{"line":311,"column":12},"end":{"line":311,"column":18},"skip":true},"74":{"start":{"line":313,"column":8},"end":{"line":313,"column":54},"skip":true},"75":{"start":{"line":314,"column":8},"end":{"line":314,"column":69},"skip":true},"76":{"start":{"line":315,"column":8},"end":{"line":323,"column":36},"skip":true},"77":{"start":{"line":316,"column":12},"end":{"line":316,"column":61},"skip":true},"78":{"start":{"line":317,"column":12},"end":{"line":320,"column":13},"skip":true},"79":{"start":{"line":318,"column":16},"end":{"line":318,"column":75},"skip":true},"80":{"start":{"line":319,"column":16},"end":{"line":319,"column":23},"skip":true},"81":{"start":{"line":321,"column":12},"end":{"line":321,"column":38},"skip":true},"82":{"start":{"line":322,"column":12},"end":{"line":322,"column":27},"skip":true},"83":{"start":{"line":324,"column":8},"end":{"line":324,"column":14},"skip":true}},"branchMap":{"1":{"line":39,"type":"binary-expr","locations":[{"start":{"line":39,"column":23},"end":{"line":39,"column":62}},{"start":{"line":40,"column":20},"end":{"line":40,"column":70}},{"start":{"line":41,"column":20},"end":{"line":41,"column":71}},{"start":{"line":42,"column":20},"end":{"line":42,"column":29}}]},"2":{"line":44,"type":"binary-expr","locations":[{"start":{"line":44,"column":23},"end":{"line":44,"column":37}},{"start":{"line":45,"column":20},"end":{"line":45,"column":61}},{"start":{"line":46,"column":20},"end":{"line":46,"column":70}},{"start":{"line":47,"column":20},"end":{"line":47,"column":26}}]},"3":{"line":51,"type":"cond-expr","locations":[{"start":{"line":52,"column":14},"end":{"line":52,"column":20}},{"start":{"line":53,"column":14},"end":{"line":53,"column":20}}]},"4":{"line":55,"type":"binary-expr","locations":[{"start":{"line":55,"column":16},"end":{"line":55,"column":44}},{"start":{"line":55,"column":49},"end":{"line":57,"column":43}}]},"5":{"line":55,"type":"cond-expr","locations":[{"start":{"line":56,"column":14},"end":{"line":56,"column":55}},{"start":{"line":57,"column":14},"end":{"line":57,"column":43}}]},"6":{"line":61,"type":"switch","locations":[{"start":{"line":68,"column":4},"end":{"line":150,"column":14},"skip":true},{"start":{"line":156,"column":4},"end":{"line":324,"column":14},"skip":true}]},"7":{"line":70,"type":"if","locations":[{"start":{"line":70,"column":12},"end":{"line":70,"column":12},"skip":true},{"start":{"line":70,"column":12},"end":{"line":70,"column":12},"skip":true}]},"8":{"line":70,"type":"binary-expr","locations":[{"start":{"line":70,"column":16},"end":{"line":70,"column":22},"skip":true},{"start":{"line":70,"column":27},"end":{"line":70,"column":32},"skip":true},{"start":{"line":71,"column":20},"end":{"line":71,"column":39},"skip":true},{"start":{"line":72,"column":20},"end":{"line":72,"column":49},"skip":true},{"start":{"line":73,"column":20},"end":{"line":73,"column":58},"skip":true},{"start":{"line":74,"column":20},"end":{"line":74,"column":69},"skip":true}]},"9":{"line":79,"type":"switch","locations":[{"start":{"line":80,"column":20},"end":{"line":80,"column":33},"skip":true},{"start":{"line":81,"column":20},"end":{"line":83,"column":30},"skip":true},{"start":{"line":84,"column":20},"end":{"line":85,"column":49},"skip":true}]},"10":{"line":89,"type":"switch","locations":[{"start":{"line":90,"column":12},"end":{"line":103,"column":22},"skip":true},{"start":{"line":105,"column":12},"end":{"line":106,"column":22},"skip":true}]},"11":{"line":89,"type":"binary-expr","locations":[{"start":{"line":89,"column":20},"end":{"line":89,"column":25},"skip":true},{"start":{"line":89,"column":29},"end":{"line":89,"column":48},"skip":true},{"start":{"line":89,"column":52},"end":{"line":89,"column":74},"skip":true}]},"12":{"line":92,"type":"if","locations":[{"start":{"line":92,"column":16},"end":{"line":92,"column":16},"skip":true},{"start":{"line":92,"column":16},"end":{"line":92,"column":16},"skip":true}]},"13":{"line":108,"type":"if","locations":[{"start":{"line":108,"column":12},"end":{"line":108,"column":12},"skip":true},{"start":{"line":108,"column":12},"end":{"line":108,"column":12},"skip":true}]},"14":{"line":108,"type":"binary-expr","locations":[{"start":{"line":108,"column":16},"end":{"line":108,"column":61},"skip":true},{"start":{"line":108,"column":66},"end":{"line":108,"column":72},"skip":true},{"start":{"line":108,"column":77},"end":{"line":108,"column":82},"skip":true},{"start":{"line":109,"column":20},"end":{"line":109,"column":39},"skip":true},{"start":{"line":110,"column":20},"end":{"line":110,"column":49},"skip":true},{"start":{"line":111,"column":20},"end":{"line":111,"column":58},"skip":true},{"start":{"line":112,"column":20},"end":{"line":112,"column":68},"skip":true}]},"15":{"line":129,"type":"if","locations":[{"start":{"line":129,"column":16},"end":{"line":129,"column":16},"skip":true},{"start":{"line":129,"column":16},"end":{"line":129,"column":16},"skip":true}]},"16":{"line":134,"type":"cond-expr","locations":[{"start":{"line":135,"column":26},"end":{"line":135,"column":29},"skip":true},{"start":{"line":136,"column":26},"end":{"line":136,"column":54},"skip":true}]},"17":{"line":164,"type":"binary-expr","locations":[{"start":{"line":164,"column":27},"end":{"line":164,"column":43},"skip":true},{"start":{"line":164,"column":47},"end":{"line":164,"column":49},"skip":true}]},"18":{"line":258,"type":"if","locations":[{"start":{"line":258,"column":8},"end":{"line":258,"column":8},"skip":true},{"start":{"line":258,"column":8},"end":{"line":258,"column":8},"skip":true}]},"19":{"line":275,"type":"switch","locations":[{"start":{"line":276,"column":20},"end":{"line":277,"column":64},"skip":true},{"start":{"line":278,"column":20},"end":{"line":279,"column":40},"skip":true},{"start":{"line":280,"column":20},"end":{"line":281,"column":40},"skip":true},{"start":{"line":282,"column":20},"end":{"line":283,"column":39},"skip":true}]},"20":{"line":288,"type":"if","locations":[{"start":{"line":288,"column":8},"end":{"line":288,"column":8},"skip":true},{"start":{"line":288,"column":8},"end":{"line":288,"column":8},"skip":true}]},"21":{"line":288,"type":"binary-expr","locations":[{"start":{"line":288,"column":12},"end":{"line":288,"column":40},"skip":true},{"start":{"line":288,"column":44},"end":{"line":288,"column":67},"skip":true}]},"22":{"line":292,"type":"binary-expr","locations":[{"start":{"line":292,"column":12},"end":{"line":292,"column":50},"skip":true},{"start":{"line":293,"column":12},"end":{"line":293,"column":53},"skip":true}]},"23":{"line":297,"type":"binary-expr","locations":[{"start":{"line":297,"column":12},"end":{"line":297,"column":69},"skip":true},{"start":{"line":298,"column":12},"end":{"line":301,"column":36},"skip":true}]},"24":{"line":303,"type":"binary-expr","locations":[{"start":{"line":303,"column":43},"end":{"line":303,"column":75},"skip":true},{"start":{"line":303,"column":79},"end":{"line":303,"column":81},"skip":true}]},"25":{"line":306,"type":"if","locations":[{"start":{"line":306,"column":8},"end":{"line":306,"column":8},"skip":true},{"start":{"line":306,"column":8},"end":{"line":306,"column":8},"skip":true}]},"26":{"line":310,"type":"if","locations":[{"start":{"line":310,"column":8},"end":{"line":310,"column":8},"skip":true},{"start":{"line":310,"column":8},"end":{"line":310,"column":8},"skip":true}]},"27":{"line":313,"type":"binary-expr","locations":[{"start":{"line":313,"column":27},"end":{"line":313,"column":43},"skip":true},{"start":{"line":313,"column":47},"end":{"line":313,"column":53},"skip":true}]},"28":{"line":317,"type":"if","locations":[{"start":{"line":317,"column":12},"end":{"line":317,"column":12},"skip":true},{"start":{"line":317,"column":12},"end":{"line":317,"column":12},"skip":true}]}},"code":["/*","example.js","","quickstart example","","instruction","    1. save this script as example.js","    2. run the shell command:","        $ npm install npmtest-react-tools && PORT=8081 node example.js","    3. play with the browser-demo on http://127.0.0.1:8081","*/","","","","/* istanbul instrument in package npmtest_react_tools */","/*jslint","    bitwise: true,","    browser: true,","    maxerr: 8,","    maxlen: 96,","    node: true,","    nomen: true,","    regexp: true,","    stupid: true","*/","(function () {","    'use strict';","    var local;","","","","    // run shared js-env code - pre-init","    (function () {","        // init local","        local = {};","        // init modeJs","        local.modeJs = (function () {","            try {","                return typeof navigator.userAgent === 'string' &&","                    typeof document.querySelector('body') === 'object' &&","                    typeof XMLHttpRequest.prototype.open === 'function' &&","                    'browser';","            } catch (errorCaughtBrowser) {","                return module.exports &&","                    typeof process.versions.node === 'string' &&","                    typeof require('http').createServer === 'function' &&","                    'node';","            }","        }());","        // init global","        local.global = local.modeJs === 'browser'","            ? window","            : global;","        // init utility2_rollup","        local = local.global.utility2_rollup || (local.modeJs === 'browser'","            ? local.global.utility2_npmtest_react_tools","            : global.utility2_moduleExports);","        // export local","        local.global.local = local;","    }());","    switch (local.modeJs) {","","","","    // post-init","    // run browser js-env code - post-init","    /* istanbul ignore next */","    case 'browser':","        local.testRunBrowser = function (event) {","            if (!event || (event &&","                    event.currentTarget &&","                    event.currentTarget.className &&","                    event.currentTarget.className.includes &&","                    event.currentTarget.className.includes('onreset'))) {","                // reset output","                Array.from(","                    document.querySelectorAll('body > .resettable')","                ).forEach(function (element) {","                    switch (element.tagName) {","                    case 'INPUT':","                    case 'TEXTAREA':","                        element.value = '';","                        break;","                    default:","                        element.textContent = '';","                    }","                });","            }","            switch (event && event.currentTarget && event.currentTarget.id) {","            case 'testRunButton1':","                // show tests","                if (document.querySelector('#testReportDiv1').style.display === 'none') {","                    document.querySelector('#testReportDiv1').style.display = 'block';","                    document.querySelector('#testRunButton1').textContent =","                        'hide internal test';","                    local.modeTest = true;","                    local.testRunDefault(local);","                // hide tests","                } else {","                    document.querySelector('#testReportDiv1').style.display = 'none';","                    document.querySelector('#testRunButton1').textContent = 'run internal test';","                }","                break;","            // custom-case","            default:","                break;","            }","            if (document.querySelector('#inputTextareaEval1') && (!event || (event &&","                    event.currentTarget &&","                    event.currentTarget.className &&","                    event.currentTarget.className.includes &&","                    event.currentTarget.className.includes('oneval')))) {","                // try to eval input-code","                try {","                    /*jslint evil: true*/","                    eval(document.querySelector('#inputTextareaEval1').value);","                } catch (errorCaught) {","                    console.error(errorCaught);","                }","            }","        };","        // log stderr and stdout to #outputTextareaStdout1","        ['error', 'log'].forEach(function (key) {","            console[key + '_original'] = console[key];","            console[key] = function () {","                var element;","                console[key + '_original'].apply(console, arguments);","                element = document.querySelector('#outputTextareaStdout1');","                if (!element) {","                    return;","                }","                // append text to #outputTextareaStdout1","                element.value += Array.from(arguments).map(function (arg) {","                    return typeof arg === 'string'","                        ? arg","                        : JSON.stringify(arg, null, 4);","                }).join(' ') + '\\n';","                // scroll textarea to bottom","                element.scrollTop = element.scrollHeight;","            };","        });","        // init event-handling","        ['change', 'click', 'keyup'].forEach(function (event) {","            Array.from(document.querySelectorAll('.on' + event)).forEach(function (element) {","                element.addEventListener(event, local.testRunBrowser);","            });","        });","        // run tests","        local.testRunBrowser();","        break;","","","","    // run node js-env code - post-init","    /* istanbul ignore next */","    case 'node':","        // export local","        module.exports = local;","        // require modules","        local.fs = require('fs');","        local.http = require('http');","        local.url = require('url');","        // init assets","        local.assetsDict = local.assetsDict || {};","        /* jslint-ignore-begin */","        local.assetsDict['/assets.index.template.html'] = '\\","<!doctype html>\\n\\","<html lang=\"en\">\\n\\","<head>\\n\\","<meta charset=\"UTF-8\">\\n\\","<meta name=\"viewport\" content=\"width=device-width, initial-scale=1\">\\n\\","<title>{{env.npm_package_name}} (v{{env.npm_package_version}})</title>\\n\\","<style>\\n\\","/*csslint\\n\\","    box-sizing: false,\\n\\","    universal-selector: false\\n\\","*/\\n\\","* {\\n\\","    box-sizing: border-box;\\n\\","}\\n\\","body {\\n\\","    background: #dde;\\n\\","    font-family: Arial, Helvetica, sans-serif;\\n\\","    margin: 2rem;\\n\\","}\\n\\","body > * {\\n\\","    margin-bottom: 1rem;\\n\\","}\\n\\",".utility2FooterDiv {\\n\\","    margin-top: 20px;\\n\\","    text-align: center;\\n\\","}\\n\\","</style>\\n\\","<style>\\n\\","/*csslint\\n\\","*/\\n\\","textarea {\\n\\","    font-family: monospace;\\n\\","    height: 10rem;\\n\\","    width: 100%;\\n\\","}\\n\\","textarea[readonly] {\\n\\","    background: #ddd;\\n\\","}\\n\\","</style>\\n\\","</head>\\n\\","<body>\\n\\","<!-- utility2-comment\\n\\","<div id=\"ajaxProgressDiv1\" style=\"background: #d00; height: 2px; left: 0; margin: 0; padding: 0; position: fixed; top: 0; transition: background 0.5s, width 1.5s; width: 25%;\"></div>\\n\\","utility2-comment -->\\n\\","<h1>\\n\\","<!-- utility2-comment\\n\\","    <a\\n\\","        {{#if env.npm_package_homepage}}\\n\\","        href=\"{{env.npm_package_homepage}}\"\\n\\","        {{/if env.npm_package_homepage}}\\n\\","        target=\"_blank\"\\n\\","    >\\n\\","utility2-comment -->\\n\\","        {{env.npm_package_name}} (v{{env.npm_package_version}})\\n\\","<!-- utility2-comment\\n\\","    </a>\\n\\","utility2-comment -->\\n\\","</h1>\\n\\","<h3>{{env.npm_package_description}}</h3>\\n\\","<!-- utility2-comment\\n\\","<h4><a download href=\"assets.app.js\">download standalone app</a></h4>\\n\\","<button class=\"onclick onreset\" id=\"testRunButton1\">run internal test</button><br>\\n\\","<div id=\"testReportDiv1\" style=\"display: none;\"></div>\\n\\","utility2-comment -->\\n\\","\\n\\","\\n\\","\\n\\","<label>stderr and stdout</label>\\n\\","<textarea class=\"resettable\" id=\"outputTextareaStdout1\" readonly></textarea>\\n\\","<!-- utility2-comment\\n\\","{{#if isRollup}}\\n\\","<script src=\"assets.app.js\"></script>\\n\\","{{#unless isRollup}}\\n\\","utility2-comment -->\\n\\","<script src=\"assets.utility2.rollup.js\"></script>\\n\\","<script src=\"jsonp.utility2._stateInit?callback=window.utility2._stateInit\"></script>\\n\\","<script src=\"assets.npmtest_react_tools.rollup.js\"></script>\\n\\","<script src=\"assets.example.js\"></script>\\n\\","<script src=\"assets.test.js\"></script>\\n\\","<!-- utility2-comment\\n\\","{{/if isRollup}}\\n\\","utility2-comment -->\\n\\","<div class=\"utility2FooterDiv\">\\n\\","    [ this app was created with\\n\\","    <a href=\"https://github.com/kaizhu256/node-utility2\" target=\"_blank\">utility2</a>\\n\\","    ]\\n\\","</div>\\n\\","</body>\\n\\","</html>\\n\\","';","        /* jslint-ignore-end */","        if (local.templateRender) {","            local.assetsDict['/'] = local.templateRender(","                local.assetsDict['/assets.index.template.html'],","                {","                    env: local.objectSetDefault(local.env, {","                        npm_package_description: 'the greatest app in the world!',","                        npm_package_name: 'my-app',","                        npm_package_nameAlias: 'my_app',","                        npm_package_version: '0.0.1'","                    })","                }","            );","        } else {","            local.assetsDict['/'] = local.assetsDict['/assets.index.template.html']","                .replace((/\\{\\{env\\.(\\w+?)\\}\\}/g), function (match0, match1) {","                    // jslint-hack","                    String(match0);","                    switch (match1) {","                    case 'npm_package_description':","                        return 'the greatest app in the world!';","                    case 'npm_package_name':","                        return 'my-app';","                    case 'npm_package_nameAlias':","                        return 'my_app';","                    case 'npm_package_version':","                        return '0.0.1';","                    }","                });","        }","        // run the cli","        if (local.global.utility2_rollup || module !== require.main) {","            break;","        }","        local.assetsDict['/assets.example.js'] =","            local.assetsDict['/assets.example.js'] ||","            local.fs.readFileSync(__filename, 'utf8');","        // bug-workaround - long $npm_package_buildCustomOrg","        /* jslint-ignore-begin */","        local.assetsDict['/assets.npmtest_react_tools.rollup.js'] =","            local.assetsDict['/assets.npmtest_react_tools.rollup.js'] ||","            local.fs.readFileSync(","                local.npmtest_react_tools.__dirname + '/lib.npmtest_react_tools.js',","                'utf8'","            ).replace((/^#!/), '//');","        /* jslint-ignore-end */","        local.assetsDict['/favicon.ico'] = local.assetsDict['/favicon.ico'] || '';","        // if $npm_config_timeout_exit exists,","        // then exit this process after $npm_config_timeout_exit ms","        if (Number(process.env.npm_config_timeout_exit)) {","            setTimeout(process.exit, Number(process.env.npm_config_timeout_exit));","        }","        // start server","        if (local.global.utility2_serverHttp1) {","            break;","        }","        process.env.PORT = process.env.PORT || '8081';","        console.error('server starting on port ' + process.env.PORT);","        local.http.createServer(function (request, response) {","            request.urlParsed = local.url.parse(request.url);","            if (local.assetsDict[request.urlParsed.pathname] !== undefined) {","                response.end(local.assetsDict[request.urlParsed.pathname]);","                return;","            }","            response.statusCode = 404;","            response.end();","        }).listen(process.env.PORT);","        break;","    }","}());",""],"l":{"26":2,"28":2,"33":2,"35":2,"37":2,"38":2,"39":2,"44":1,"51":2,"55":2,"59":2,"61":2,"69":1,"70":2,"76":2,"79":2,"82":2,"83":2,"85":1,"89":2,"92":1,"93":1,"94":1,"96":1,"97":1,"100":1,"101":1,"103":1,"106":1,"108":2,"114":1,"116":1,"118":1,"123":1,"124":2,"125":2,"126":3,"127":3,"128":3,"129":3,"130":1,"133":3,"134":3,"139":3,"143":1,"144":3,"145":1,"149":1,"150":1,"158":1,"160":1,"161":1,"162":1,"164":1,"166":1,"258":1,"259":1,"271":1,"274":6,"275":6,"277":1,"279":2,"281":1,"283":2,"288":1,"289":1,"291":1,"296":1,"303":1,"306":1,"307":1,"310":1,"311":1,"313":1,"314":1,"315":1,"316":1,"317":1,"318":1,"319":1,"321":1,"322":1,"324":1}},"/home/travis/build/npmtest/node-npmtest-react-tools/node_modules/react-tools/main.js":{"path":"/home/travis/build/npmtest/node-npmtest-react-tools/node_modules/react-tools/main.js","s":{"1":1,"2":1,"3":1,"4":1,"5":1,"6":0,"7":0,"8":0,"9":0,"10":0,"11":0,"12":0,"13":0,"14":0,"15":0,"16":0,"17":0,"18":0,"19":0,"20":0,"21":0,"22":1,"23":0,"24":0,"25":0,"26":0,"27":0,"28":0,"29":0,"30":0,"31":0,"32":0,"33":0,"34":0,"35":0,"36":1,"37":0,"38":0,"39":0,"40":0,"41":0,"42":0,"43":0,"44":0,"45":0},"b":{"1":[0,0],"2":[0,0],"3":[0,0],"4":[0,0],"5":[0,0],"6":[0,0],"7":[0,0],"8":[0,0],"9":[0,0]},"f":{"1":0,"2":0,"3":0,"4":0},"fnMap":{"1":{"name":"(anonymous_1)","line":18,"loc":{"start":{"line":18,"column":13},"end":{"line":18,"column":38}}},"2":{"name":"(anonymous_2)","line":32,"loc":{"start":{"line":32,"column":24},"end":{"line":32,"column":49}}},"3":{"name":"processOptions","line":51,"loc":{"start":{"line":51,"column":0},"end":{"line":51,"column":30}}},"4":{"name":"innerTransform","line":75,"loc":{"start":{"line":75,"column":0},"end":{"line":75,"column":40}}}},"statementMap":{"1":{"start":{"line":12,"column":0},"end":{"line":12,"column":56}},"2":{"start":{"line":13,"column":0},"end":{"line":13,"column":49}},"3":{"start":{"line":14,"column":0},"end":{"line":14,"column":62}},"4":{"start":{"line":15,"column":0},"end":{"line":15,"column":60}},"5":{"start":{"line":17,"column":0},"end":{"line":45,"column":2}},"6":{"start":{"line":19,"column":4},"end":{"line":19,"column":38}},"7":{"start":{"line":20,"column":4},"end":{"line":20,"column":48}},"8":{"start":{"line":21,"column":4},"end":{"line":21,"column":29}},"9":{"start":{"line":22,"column":4},"end":{"line":29,"column":5}},"10":{"start":{"line":23,"column":6},"end":{"line":27,"column":8}},"11":{"start":{"line":28,"column":6},"end":{"line":28,"column":27}},"12":{"start":{"line":30,"column":4},"end":{"line":30,"column":18}},"13":{"start":{"line":33,"column":4},"end":{"line":33,"column":38}},"14":{"start":{"line":34,"column":4},"end":{"line":34,"column":48}},"15":{"start":{"line":35,"column":4},"end":{"line":35,"column":20}},"16":{"start":{"line":36,"column":4},"end":{"line":36,"column":30}},"17":{"start":{"line":37,"column":4},"end":{"line":39,"column":5}},"18":{"start":{"line":38,"column":6},"end":{"line":38,"column":51}},"19":{"start":{"line":40,"column":4},"end":{"line":42,"column":5}},"20":{"start":{"line":41,"column":6},"end":{"line":41,"column":52}},"21":{"start":{"line":43,"column":4},"end":{"line":43,"column":18}},"22":{"start":{"line":51,"column":0},"end":{"line":73,"column":1}},"23":{"start":{"line":52,"column":2},"end":{"line":52,"column":20}},"24":{"start":{"line":53,"column":2},"end":{"line":53,"column":19}},"25":{"start":{"line":55,"column":2},"end":{"line":55,"column":33}},"26":{"start":{"line":56,"column":2},"end":{"line":56,"column":39}},"27":{"start":{"line":57,"column":2},"end":{"line":57,"column":37}},"28":{"start":{"line":58,"column":2},"end":{"line":58,"column":41}},"29":{"start":{"line":60,"column":2},"end":{"line":62,"column":3}},"30":{"start":{"line":61,"column":4},"end":{"line":61,"column":34}},"31":{"start":{"line":63,"column":2},"end":{"line":65,"column":3}},"32":{"start":{"line":64,"column":4},"end":{"line":64,"column":43}},"33":{"start":{"line":69,"column":2},"end":{"line":69,"column":38}},"34":{"start":{"line":70,"column":2},"end":{"line":70,"column":29}},"35":{"start":{"line":72,"column":2},"end":{"line":72,"column":17}},"36":{"start":{"line":75,"column":0},"end":{"line":95,"column":1}},"37":{"start":{"line":76,"column":2},"end":{"line":76,"column":30}},"38":{"start":{"line":77,"column":2},"end":{"line":79,"column":3}},"39":{"start":{"line":78,"column":4},"end":{"line":78,"column":32}},"40":{"start":{"line":81,"column":2},"end":{"line":83,"column":3}},"41":{"start":{"line":82,"column":4},"end":{"line":82,"column":28}},"42":{"start":{"line":85,"column":2},"end":{"line":91,"column":3}},"43":{"start":{"line":90,"column":4},"end":{"line":90,"column":68}},"44":{"start":{"line":93,"column":2},"end":{"line":93,"column":59}},"45":{"start":{"line":94,"column":2},"end":{"line":94,"column":48}}},"branchMap":{"1":{"line":22,"type":"if","locations":[{"start":{"line":22,"column":4},"end":{"line":22,"column":4}},{"start":{"line":22,"column":4},"end":{"line":22,"column":4}}]},"2":{"line":37,"type":"if","locations":[{"start":{"line":37,"column":4},"end":{"line":37,"column":4}},{"start":{"line":37,"column":4},"end":{"line":37,"column":4}}]},"3":{"line":40,"type":"if","locations":[{"start":{"line":40,"column":4},"end":{"line":40,"column":4}},{"start":{"line":40,"column":4},"end":{"line":40,"column":4}}]},"4":{"line":52,"type":"binary-expr","locations":[{"start":{"line":52,"column":9},"end":{"line":52,"column":13}},{"start":{"line":52,"column":17},"end":{"line":52,"column":19}}]},"5":{"line":60,"type":"if","locations":[{"start":{"line":60,"column":2},"end":{"line":60,"column":2}},{"start":{"line":60,"column":2},"end":{"line":60,"column":2}}]},"6":{"line":63,"type":"if","locations":[{"start":{"line":63,"column":2},"end":{"line":63,"column":2}},{"start":{"line":63,"column":2},"end":{"line":63,"column":2}}]},"7":{"line":77,"type":"if","locations":[{"start":{"line":77,"column":2},"end":{"line":77,"column":2}},{"start":{"line":77,"column":2},"end":{"line":77,"column":2}}]},"8":{"line":81,"type":"if","locations":[{"start":{"line":81,"column":2},"end":{"line":81,"column":2}},{"start":{"line":81,"column":2},"end":{"line":81,"column":2}}]},"9":{"line":85,"type":"if","locations":[{"start":{"line":85,"column":2},"end":{"line":85,"column":2}},{"start":{"line":85,"column":2},"end":{"line":85,"column":2}}]}},"code":["/**"," * Copyright 2013-2015, Facebook, Inc."," * All rights reserved."," *"," * This source code is licensed under the BSD-style license found in the"," * LICENSE file in the root directory of this source tree. An additional grant"," * of patent rights can be found in the PATENTS file in the same directory."," */","","'use strict';","/*eslint-disable no-undef*/","var visitors = require('./vendor/fbtransform/visitors');","var transform = require('jstransform').transform;","var typesSyntax = require('jstransform/visitors/type-syntax');","var inlineSourceMap = require('./vendor/inline-source-map');","","module.exports = {","  transform: function(input, options) {","    options = processOptions(options);","    var output = innerTransform(input, options);","    var result = output.code;","    if (options.sourceMap) {","      var map = inlineSourceMap(","        output.sourceMap,","        input,","        options.filename","      );","      result += '\\n' + map;","    }","    return result;","  },","  transformWithDetails: function(input, options) {","    options = processOptions(options);","    var output = innerTransform(input, options);","    var result = {};","    result.code = output.code;","    if (options.sourceMap) {","      result.sourceMap = output.sourceMap.toJSON();","    }","    if (options.filename) {","      result.sourceMap.sources = [options.filename];","    }","    return result;","  }","};","","/**"," * Only copy the values that we need. We'll do some preprocessing to account for"," * converting command line flags to options that jstransform can actually use."," */","function processOptions(opts) {","  opts = opts || {};","  var options = {};","","  options.harmony = opts.harmony;","  options.stripTypes = opts.stripTypes;","  options.sourceMap = opts.sourceMap;","  options.filename = opts.sourceFilename;","","  if (opts.es6module) {","    options.sourceType = 'module';","  }","  if (opts.nonStrictEs6module) {","    options.sourceType = 'nonStrictModule';","  }","","  // Instead of doing any fancy validation, only look for 'es3'. If we have","  // that, then use it. Otherwise use 'es5'.","  options.es3 = opts.target === 'es3';","  options.es5 = !options.es3;","","  return options;","}","","function innerTransform(input, options) {","  var visitorSets = ['react'];","  if (options.harmony) {","    visitorSets.push('harmony');","  }","","  if (options.es3) {","    visitorSets.push('es3');","  }","","  if (options.stripTypes) {","    // Stripping types needs to happen before the other transforms","    // unfortunately, due to bad interactions. For example,","    // es6-rest-param-visitors conflict with stripping rest param type","    // annotation","    input = transform(typesSyntax.visitorList, input, options).code;","  }","","  var visitorList = visitors.getVisitorsBySet(visitorSets);","  return transform(visitorList, input, options);","}",""],"l":{"12":1,"13":1,"14":1,"15":1,"17":1,"19":0,"20":0,"21":0,"22":0,"23":0,"28":0,"30":0,"33":0,"34":0,"35":0,"36":0,"37":0,"38":0,"40":0,"41":0,"43":0,"51":1,"52":0,"53":0,"55":0,"56":0,"57":0,"58":0,"60":0,"61":0,"63":0,"64":0,"69":0,"70":0,"72":0,"75":1,"76":0,"77":0,"78":0,"81":0,"82":0,"85":0,"90":0,"93":0,"94":0}},"/home/travis/build/npmtest/node-npmtest-react-tools/node_modules/react-tools/vendor/fbtransform/visitors.js":{"path":"/home/travis/build/npmtest/node-npmtest-react-tools/node_modules/react-tools/vendor/fbtransform/visitors.js","s":{"1":1,"2":1,"3":1,"4":1,"5":1,"6":1,"7":1,"8":1,"9":1,"10":1,"11":1,"12":1,"13":1,"14":1,"15":1,"16":1,"17":0,"18":0,"19":0,"20":0,"21":0,"22":1,"23":0,"24":0,"25":0,"26":0,"27":0,"28":0,"29":0,"30":0,"31":0,"32":0,"33":0,"34":1,"35":1,"36":1},"b":{"1":[0,0],"2":[0,0],"3":[0,0],"4":[0,0]},"f":{"1":0,"2":0,"3":0,"4":0},"fnMap":{"1":{"name":"getAllVisitors","line":85,"loc":{"start":{"line":85,"column":0},"end":{"line":85,"column":34}}},"2":{"name":"getVisitorsBySet","line":102,"loc":{"start":{"line":102,"column":0},"end":{"line":102,"column":32}}},"3":{"name":"(anonymous_3)","line":103,"loc":{"start":{"line":103,"column":38},"end":{"line":103,"column":62}}},"4":{"name":"(anonymous_4)","line":107,"loc":{"start":{"line":107,"column":31},"end":{"line":107,"column":49}}}},"statementMap":{"1":{"start":{"line":5,"column":0},"end":{"line":6,"column":62}},"2":{"start":{"line":7,"column":0},"end":{"line":7,"column":68}},"3":{"start":{"line":8,"column":0},"end":{"line":9,"column":61}},"4":{"start":{"line":10,"column":0},"end":{"line":11,"column":69}},"5":{"start":{"line":12,"column":0},"end":{"line":13,"column":69}},"6":{"start":{"line":14,"column":0},"end":{"line":14,"column":80}},"7":{"start":{"line":15,"column":0},"end":{"line":15,"column":73}},"8":{"start":{"line":16,"column":0},"end":{"line":17,"column":59}},"9":{"start":{"line":18,"column":0},"end":{"line":19,"column":63}},"10":{"start":{"line":20,"column":0},"end":{"line":20,"column":42}},"11":{"start":{"line":21,"column":0},"end":{"line":21,"column":64}},"12":{"start":{"line":22,"column":0},"end":{"line":22,"column":76}},"13":{"start":{"line":27,"column":0},"end":{"line":39,"column":2}},"14":{"start":{"line":41,"column":0},"end":{"line":59,"column":2}},"15":{"start":{"line":64,"column":0},"end":{"line":76,"column":2}},"16":{"start":{"line":85,"column":0},"end":{"line":93,"column":1}},"17":{"start":{"line":86,"column":2},"end":{"line":86,"column":15}},"18":{"start":{"line":87,"column":2},"end":{"line":91,"column":3}},"19":{"start":{"line":88,"column":4},"end":{"line":90,"column":5}},"20":{"start":{"line":89,"column":6},"end":{"line":89,"column":64}},"21":{"start":{"line":92,"column":2},"end":{"line":92,"column":13}},"22":{"start":{"line":102,"column":0},"end":{"line":121,"column":1}},"23":{"start":{"line":103,"column":2},"end":{"line":111,"column":9}},"24":{"start":{"line":104,"column":4},"end":{"line":106,"column":5}},"25":{"start":{"line":105,"column":6},"end":{"line":105,"column":53}},"26":{"start":{"line":107,"column":4},"end":{"line":109,"column":7}},"27":{"start":{"line":108,"column":6},"end":{"line":108,"column":31}},"28":{"start":{"line":110,"column":4},"end":{"line":110,"column":20}},"29":{"start":{"line":113,"column":2},"end":{"line":113,"column":23}},"30":{"start":{"line":114,"column":2},"end":{"line":118,"column":3}},"31":{"start":{"line":115,"column":4},"end":{"line":117,"column":5}},"32":{"start":{"line":116,"column":6},"end":{"line":116,"column":80}},"33":{"start":{"line":120,"column":2},"end":{"line":120,"column":21}},"34":{"start":{"line":123,"column":0},"end":{"line":123,"column":44}},"35":{"start":{"line":124,"column":0},"end":{"line":124,"column":40}},"36":{"start":{"line":125,"column":0},"end":{"line":125,"column":46}}},"branchMap":{"1":{"line":88,"type":"if","locations":[{"start":{"line":88,"column":4},"end":{"line":88,"column":4}},{"start":{"line":88,"column":4},"end":{"line":88,"column":4}}]},"2":{"line":88,"type":"binary-expr","locations":[{"start":{"line":88,"column":8},"end":{"line":88,"column":17}},{"start":{"line":88,"column":21},"end":{"line":88,"column":66}}]},"3":{"line":104,"type":"if","locations":[{"start":{"line":104,"column":4},"end":{"line":104,"column":4}},{"start":{"line":104,"column":4},"end":{"line":104,"column":4}}]},"4":{"line":115,"type":"if","locations":[{"start":{"line":115,"column":4},"end":{"line":115,"column":4}},{"start":{"line":115,"column":4},"end":{"line":115,"column":4}}]}},"code":["/*global exports:true*/","","'use strict';","","var es6ArrowFunctions =","  require('jstransform/visitors/es6-arrow-function-visitors');","var es6Classes = require('jstransform/visitors/es6-class-visitors');","var es6Destructuring =","  require('jstransform/visitors/es6-destructuring-visitors');","var es6ObjectConciseMethod =","  require('jstransform/visitors/es6-object-concise-method-visitors');","var es6ObjectShortNotation =","  require('jstransform/visitors/es6-object-short-notation-visitors');","var es6RestParameters = require('jstransform/visitors/es6-rest-param-visitors');","var es6Templates = require('jstransform/visitors/es6-template-visitors');","var es6CallSpread =","  require('jstransform/visitors/es6-call-spread-visitors');","var es7SpreadProperty =","  require('jstransform/visitors/es7-spread-property-visitors');","var react = require('./transforms/react');","var reactDisplayName = require('./transforms/reactDisplayName');","var reservedWords = require('jstransform/visitors/reserved-words-visitors');","","/**"," * Map from transformName => orderedListOfVisitors."," */","var transformVisitors = {","  'es6-arrow-functions': es6ArrowFunctions.visitorList,","  'es6-classes': es6Classes.visitorList,","  'es6-destructuring': es6Destructuring.visitorList,","  'es6-object-concise-method': es6ObjectConciseMethod.visitorList,","  'es6-object-short-notation': es6ObjectShortNotation.visitorList,","  'es6-rest-params': es6RestParameters.visitorList,","  'es6-templates': es6Templates.visitorList,","  'es6-call-spread': es6CallSpread.visitorList,","  'es7-spread-property': es7SpreadProperty.visitorList,","  'react': react.visitorList.concat(reactDisplayName.visitorList),","  'reserved-words': reservedWords.visitorList","};","","var transformSets = {","  'harmony': [","    'es6-arrow-functions',","    'es6-object-concise-method',","    'es6-object-short-notation',","    'es6-classes',","    'es6-rest-params',","    'es6-templates',","    'es6-destructuring',","    'es6-call-spread',","    'es7-spread-property'","  ],","  'es3': [","    'reserved-words'","  ],","  'react': [","    'react'","  ]","};","","/**"," * Specifies the order in which each transform should run."," */","var transformRunOrder = [","  'reserved-words',","  'es6-arrow-functions',","  'es6-object-concise-method',","  'es6-object-short-notation',","  'es6-classes',","  'es6-rest-params',","  'es6-templates',","  'es6-destructuring',","  'es6-call-spread',","  'es7-spread-property',","  'react'","];","","/**"," * Given a list of transform names, return the ordered list of visitors to be"," * passed to the transform() function."," *"," * @param {array?} excludes"," * @return {array}"," */","function getAllVisitors(excludes) {","  var ret = [];","  for (var i = 0, il = transformRunOrder.length; i < il; i++) {","    if (!excludes || excludes.indexOf(transformRunOrder[i]) === -1) {","      ret = ret.concat(transformVisitors[transformRunOrder[i]]);","    }","  }","  return ret;","}","","/**"," * Given a list of visitor set names, return the ordered list of visitors to be"," * passed to jstransform."," *"," * @param {array}"," * @return {array}"," */","function getVisitorsBySet(sets) {","  var visitorsToInclude = sets.reduce(function(visitors, set) {","    if (!transformSets.hasOwnProperty(set)) {","      throw new Error('Unknown visitor set: ' + set);","    }","    transformSets[set].forEach(function(visitor) {","      visitors[visitor] = true;","    });","    return visitors;","  }, {});","","  var visitorList = [];","  for (var i = 0; i < transformRunOrder.length; i++) {","    if (visitorsToInclude.hasOwnProperty(transformRunOrder[i])) {","      visitorList = visitorList.concat(transformVisitors[transformRunOrder[i]]);","    }","  }","","  return visitorList;","}","","exports.getVisitorsBySet = getVisitorsBySet;","exports.getAllVisitors = getAllVisitors;","exports.transformVisitors = transformVisitors;",""],"l":{"5":1,"7":1,"8":1,"10":1,"12":1,"14":1,"15":1,"16":1,"18":1,"20":1,"21":1,"22":1,"27":1,"41":1,"64":1,"85":1,"86":0,"87":0,"88":0,"89":0,"92":0,"102":1,"103":0,"104":0,"105":0,"107":0,"108":0,"110":0,"113":0,"114":0,"115":0,"116":0,"120":0,"123":1,"124":1,"125":1}},"/home/travis/build/npmtest/node-npmtest-react-tools/node_modules/react-tools/vendor/fbtransform/transforms/react.js":{"path":"/home/travis/build/npmtest/node-npmtest-react-tools/node_modules/react-tools/vendor/fbtransform/transforms/react.js","s":{"1":1,"2":1,"3":1,"4":1,"5":1,"6":1,"7":1,"8":1,"9":0,"10":1,"11":1,"12":0,"13":1,"14":0,"15":0,"16":0,"17":0,"18":0,"19":0,"20":0,"21":0,"22":0,"23":0,"24":0,"25":0,"26":0,"27":0,"28":0,"29":0,"30":0,"31":0,"32":0,"33":0,"34":0,"35":0,"36":0,"37":0,"38":0,"39":0,"40":0,"41":0,"42":0,"43":0,"44":0,"45":0,"46":0,"47":0,"48":0,"49":0,"50":0,"51":0,"52":0,"53":0,"54":0,"55":0,"56":0,"57":0,"58":0,"59":0,"60":0,"61":0,"62":0,"63":0,"64":0,"65":0,"66":0,"67":0,"68":0,"69":0,"70":0,"71":0,"72":0,"73":0,"74":0,"75":0,"76":0,"77":0,"78":0,"79":0,"80":0,"81":0,"82":0,"83":0,"84":0,"85":0,"86":0,"87":0,"88":0,"89":0,"90":0,"91":0,"92":0,"93":0,"94":0,"95":0,"96":0,"97":0,"98":0,"99":0,"100":0,"101":0,"102":0,"103":0,"104":0,"105":0,"106":0,"107":0,"108":1,"109":0,"110":1},"b":{"1":[0,0],"2":[0,0],"3":[0,0],"4":[0,0],"5":[0,0],"6":[0,0],"7":[0,0],"8":[0,0],"9":[0,0],"10":[0,0],"11":[0,0],"12":[0,0],"13":[0,0],"14":[0,0],"15":[0,0],"16":[0,0],"17":[0,0],"18":[0,0],"19":[0,0],"20":[0,0,0],"21":[0,0],"22":[0,0],"23":[0,0],"24":[0,0],"25":[0,0],"26":[0,0],"27":[0,0],"28":[0,0]},"f":{"1":0,"2":0,"3":0,"4":0,"5":0,"6":0,"7":0,"8":0,"9":0},"fnMap":{"1":{"name":"stripNonWhiteParen","line":37,"loc":{"start":{"line":37,"column":0},"end":{"line":37,"column":35}}},"2":{"name":"isTagName","line":42,"loc":{"start":{"line":42,"column":0},"end":{"line":42,"column":25}}},"3":{"name":"visitReactTag","line":46,"loc":{"start":{"line":46,"column":0},"end":{"line":46,"column":54}}},"4":{"name":"(anonymous_4)","line":75,"loc":{"start":{"line":75,"column":58},"end":{"line":75,"column":73}}},"5":{"name":"(anonymous_5)","line":92,"loc":{"start":{"line":92,"column":27},"end":{"line":92,"column":49}}},"6":{"name":"(anonymous_6)","line":183,"loc":{"start":{"line":183,"column":48},"end":{"line":183,"column":64}}},"7":{"name":"(anonymous_7)","line":191,"loc":{"start":{"line":191,"column":29},"end":{"line":191,"column":52}}},"8":{"name":"(anonymous_8)","line":202,"loc":{"start":{"line":202,"column":29},"end":{"line":202,"column":52}}},"9":{"name":"(anonymous_9)","line":236,"loc":{"start":{"line":236,"column":21},"end":{"line":236,"column":51}}}},"statementMap":{"1":{"start":{"line":12,"column":0},"end":{"line":12,"column":43}},"2":{"start":{"line":13,"column":0},"end":{"line":13,"column":45}},"3":{"start":{"line":15,"column":0},"end":{"line":16,"column":48}},"4":{"start":{"line":17,"column":0},"end":{"line":17,"column":57}},"5":{"start":{"line":18,"column":0},"end":{"line":18,"column":51}},"6":{"start":{"line":20,"column":0},"end":{"line":20,"column":41}},"7":{"start":{"line":36,"column":0},"end":{"line":36,"column":37}},"8":{"start":{"line":37,"column":0},"end":{"line":39,"column":1}},"9":{"start":{"line":38,"column":2},"end":{"line":38,"column":44}},"10":{"start":{"line":41,"column":0},"end":{"line":41,"column":32}},"11":{"start":{"line":42,"column":0},"end":{"line":44,"column":1}},"12":{"start":{"line":43,"column":2},"end":{"line":43,"column":34}},"13":{"start":{"line":46,"column":0},"end":{"line":234,"column":1}},"14":{"start":{"line":47,"column":2},"end":{"line":47,"column":45}},"15":{"start":{"line":48,"column":2},"end":{"line":48,"column":39}},"16":{"start":{"line":49,"column":2},"end":{"line":49,"column":51}},"17":{"start":{"line":51,"column":2},"end":{"line":51,"column":58}},"18":{"start":{"line":53,"column":2},"end":{"line":55,"column":3}},"19":{"start":{"line":54,"column":4},"end":{"line":54,"column":78}},"20":{"start":{"line":58,"column":2},"end":{"line":58,"column":46}},"21":{"start":{"line":60,"column":2},"end":{"line":69,"column":3}},"22":{"start":{"line":61,"column":4},"end":{"line":61,"column":53}},"23":{"start":{"line":62,"column":4},"end":{"line":62,"column":43}},"24":{"start":{"line":67,"column":4},"end":{"line":67,"column":43}},"25":{"start":{"line":68,"column":4},"end":{"line":68,"column":46}},"26":{"start":{"line":71,"column":2},"end":{"line":71,"column":28}},"27":{"start":{"line":73,"column":2},"end":{"line":73,"column":46}},"28":{"start":{"line":75,"column":2},"end":{"line":77,"column":5}},"29":{"start":{"line":76,"column":4},"end":{"line":76,"column":51}},"30":{"start":{"line":80,"column":2},"end":{"line":86,"column":3}},"31":{"start":{"line":81,"column":4},"end":{"line":81,"column":44}},"32":{"start":{"line":82,"column":9},"end":{"line":86,"column":3}},"33":{"start":{"line":83,"column":4},"end":{"line":83,"column":29}},"34":{"start":{"line":85,"column":4},"end":{"line":85,"column":32}},"35":{"start":{"line":89,"column":2},"end":{"line":89,"column":32}},"36":{"start":{"line":92,"column":2},"end":{"line":167,"column":5}},"37":{"start":{"line":93,"column":4},"end":{"line":93,"column":55}},"38":{"start":{"line":95,"column":4},"end":{"line":124,"column":5}},"39":{"start":{"line":97,"column":6},"end":{"line":99,"column":7}},"40":{"start":{"line":98,"column":8},"end":{"line":98,"column":35}},"41":{"start":{"line":103,"column":6},"end":{"line":103,"column":62}},"42":{"start":{"line":105,"column":6},"end":{"line":105,"column":43}},"43":{"start":{"line":106,"column":6},"end":{"line":106,"column":71}},"44":{"start":{"line":108,"column":6},"end":{"line":108,"column":43}},"45":{"start":{"line":110,"column":6},"end":{"line":110,"column":51}},"46":{"start":{"line":113,"column":6},"end":{"line":113,"column":66}},"47":{"start":{"line":115,"column":6},"end":{"line":117,"column":7}},"48":{"start":{"line":116,"column":8},"end":{"line":116,"column":34}},"49":{"start":{"line":119,"column":6},"end":{"line":119,"column":39}},"50":{"start":{"line":121,"column":6},"end":{"line":121,"column":31}},"51":{"start":{"line":123,"column":6},"end":{"line":123,"column":13}},"52":{"start":{"line":127,"column":4},"end":{"line":129,"column":5}},"53":{"start":{"line":128,"column":6},"end":{"line":128,"column":78}},"54":{"start":{"line":131,"column":4},"end":{"line":134,"column":5}},"55":{"start":{"line":132,"column":6},"end":{"line":133,"column":73}},"56":{"start":{"line":135,"column":4},"end":{"line":135,"column":30}},"57":{"start":{"line":137,"column":4},"end":{"line":137,"column":50}},"58":{"start":{"line":139,"column":4},"end":{"line":141,"column":5}},"59":{"start":{"line":140,"column":6},"end":{"line":140,"column":31}},"60":{"start":{"line":143,"column":4},"end":{"line":143,"column":45}},"61":{"start":{"line":144,"column":4},"end":{"line":144,"column":30}},"62":{"start":{"line":146,"column":4},"end":{"line":161,"column":5}},"63":{"start":{"line":147,"column":6},"end":{"line":147,"column":31}},"64":{"start":{"line":148,"column":6},"end":{"line":148,"column":44}},"65":{"start":{"line":149,"column":6},"end":{"line":151,"column":7}},"66":{"start":{"line":150,"column":8},"end":{"line":150,"column":34}},"67":{"start":{"line":153,"column":6},"end":{"line":153,"column":44}},"68":{"start":{"line":155,"column":6},"end":{"line":155,"column":56}},"69":{"start":{"line":156,"column":6},"end":{"line":160,"column":7}},"70":{"start":{"line":157,"column":8},"end":{"line":157,"column":52}},"71":{"start":{"line":159,"column":8},"end":{"line":159,"column":80}},"72":{"start":{"line":163,"column":4},"end":{"line":163,"column":50}},"73":{"start":{"line":165,"column":4},"end":{"line":165,"column":30}},"74":{"start":{"line":169,"column":2},"end":{"line":172,"column":3}},"75":{"start":{"line":170,"column":4},"end":{"line":170,"column":64}},"76":{"start":{"line":171,"column":4},"end":{"line":171,"column":47}},"77":{"start":{"line":174,"column":2},"end":{"line":176,"column":3}},"78":{"start":{"line":175,"column":4},"end":{"line":175,"column":29}},"79":{"start":{"line":178,"column":2},"end":{"line":180,"column":3}},"80":{"start":{"line":179,"column":4},"end":{"line":179,"column":29}},"81":{"start":{"line":183,"column":2},"end":{"line":187,"column":5}},"82":{"start":{"line":184,"column":4},"end":{"line":186,"column":63}},"83":{"start":{"line":188,"column":2},"end":{"line":220,"column":3}},"84":{"start":{"line":189,"column":4},"end":{"line":189,"column":28}},"85":{"start":{"line":191,"column":4},"end":{"line":196,"column":7}},"86":{"start":{"line":192,"column":6},"end":{"line":195,"column":7}},"87":{"start":{"line":194,"column":8},"end":{"line":194,"column":36}},"88":{"start":{"line":198,"column":4},"end":{"line":200,"column":5}},"89":{"start":{"line":199,"column":6},"end":{"line":199,"column":32}},"90":{"start":{"line":202,"column":4},"end":{"line":219,"column":7}},"91":{"start":{"line":203,"column":6},"end":{"line":203,"column":53}},"92":{"start":{"line":205,"column":6},"end":{"line":205,"column":48}},"93":{"start":{"line":207,"column":6},"end":{"line":216,"column":7}},"94":{"start":{"line":208,"column":8},"end":{"line":208,"column":47}},"95":{"start":{"line":209,"column":13},"end":{"line":216,"column":7}},"96":{"start":{"line":210,"column":8},"end":{"line":210,"column":75}},"97":{"start":{"line":212,"column":8},"end":{"line":212,"column":37}},"98":{"start":{"line":213,"column":8},"end":{"line":215,"column":9}},"99":{"start":{"line":214,"column":10},"end":{"line":214,"column":36}},"100":{"start":{"line":218,"column":6},"end":{"line":218,"column":53}},"101":{"start":{"line":222,"column":2},"end":{"line":230,"column":3}},"102":{"start":{"line":224,"column":4},"end":{"line":224,"column":64}},"103":{"start":{"line":225,"column":4},"end":{"line":225,"column":47}},"104":{"start":{"line":228,"column":4},"end":{"line":228,"column":67}},"105":{"start":{"line":229,"column":4},"end":{"line":229,"column":54}},"106":{"start":{"line":232,"column":2},"end":{"line":232,"column":27}},"107":{"start":{"line":233,"column":2},"end":{"line":233,"column":15}},"108":{"start":{"line":236,"column":0},"end":{"line":238,"column":2}},"109":{"start":{"line":237,"column":2},"end":{"line":237,"column":43}},"110":{"start":{"line":240,"column":0},"end":{"line":242,"column":2}}},"branchMap":{"1":{"line":53,"type":"if","locations":[{"start":{"line":53,"column":2},"end":{"line":53,"column":2}},{"start":{"line":53,"column":2},"end":{"line":53,"column":2}}]},"2":{"line":53,"type":"binary-expr","locations":[{"start":{"line":53,"column":6},"end":{"line":53,"column":50}},{"start":{"line":53,"column":54},"end":{"line":53,"column":74}}]},"3":{"line":60,"type":"if","locations":[{"start":{"line":60,"column":2},"end":{"line":60,"column":2}},{"start":{"line":60,"column":2},"end":{"line":60,"column":2}}]},"4":{"line":60,"type":"binary-expr","locations":[{"start":{"line":60,"column":6},"end":{"line":60,"column":46}},{"start":{"line":60,"column":50},"end":{"line":60,"column":76}}]},"5":{"line":80,"type":"if","locations":[{"start":{"line":80,"column":2},"end":{"line":80,"column":2}},{"start":{"line":80,"column":2},"end":{"line":80,"column":2}}]},"6":{"line":82,"type":"if","locations":[{"start":{"line":82,"column":9},"end":{"line":82,"column":9}},{"start":{"line":82,"column":9},"end":{"line":82,"column":9}}]},"7":{"line":95,"type":"if","locations":[{"start":{"line":95,"column":4},"end":{"line":95,"column":4}},{"start":{"line":95,"column":4},"end":{"line":95,"column":4}}]},"8":{"line":97,"type":"if","locations":[{"start":{"line":97,"column":6},"end":{"line":97,"column":6}},{"start":{"line":97,"column":6},"end":{"line":97,"column":6}}]},"9":{"line":115,"type":"if","locations":[{"start":{"line":115,"column":6},"end":{"line":115,"column":6}},{"start":{"line":115,"column":6},"end":{"line":115,"column":6}}]},"10":{"line":127,"type":"if","locations":[{"start":{"line":127,"column":4},"end":{"line":127,"column":4}},{"start":{"line":127,"column":4},"end":{"line":127,"column":4}}]},"11":{"line":131,"type":"if","locations":[{"start":{"line":131,"column":4},"end":{"line":131,"column":4}},{"start":{"line":131,"column":4},"end":{"line":131,"column":4}}]},"12":{"line":139,"type":"if","locations":[{"start":{"line":139,"column":4},"end":{"line":139,"column":4}},{"start":{"line":139,"column":4},"end":{"line":139,"column":4}}]},"13":{"line":146,"type":"if","locations":[{"start":{"line":146,"column":4},"end":{"line":146,"column":4}},{"start":{"line":146,"column":4},"end":{"line":146,"column":4}}]},"14":{"line":149,"type":"if","locations":[{"start":{"line":149,"column":6},"end":{"line":149,"column":6}},{"start":{"line":149,"column":6},"end":{"line":149,"column":6}}]},"15":{"line":156,"type":"if","locations":[{"start":{"line":156,"column":6},"end":{"line":156,"column":6}},{"start":{"line":156,"column":6},"end":{"line":156,"column":6}}]},"16":{"line":169,"type":"if","locations":[{"start":{"line":169,"
[...]
o true before setting it to false after calling","        // close -- if it's still set to true in the finally block, it means","        // wrapper.close threw.","        errorThrown = true;","        if (initData !== Transaction.OBSERVED_ERROR && wrapper.close) {","          wrapper.close.call(this, initData);","        }","        errorThrown = false;","      } finally {","        if (errorThrown) {","          // The closer for wrapper i threw an error; close the remaining","          // wrappers but silence any exceptions from them to ensure that the","          // first error is the one to bubble up.","          try {","            this.closeAll(i + 1);","          } catch (e) {","          }","        }","      }","    }","    this.wrapperInitData.length = 0;","  }","};","","var Transaction = {","","  Mixin: Mixin,","","  /**","   * Token to look for to determine if an error occured.","   */","  OBSERVED_ERROR: {}","","};","","module.exports = Transaction;",""],"l":{"14":2,"77":0,"86":0,"87":0,"88":0,"90":0,"92":0,"104":0,"119":0,"124":0,"125":0,"126":0,"127":0,"132":0,"133":0,"134":0,"135":0,"137":0,"138":0,"141":0,"142":0,"148":0,"151":0,"154":0,"158":0,"159":0,"160":0,"161":0,"166":0,"167":0,"171":0,"175":0,"176":0,"191":0,"195":0,"196":0,"197":0,"198":0,"199":0,"200":0,"205":0,"206":0,"207":0,"209":0,"211":0,"215":0,"216":0,"222":0,"226":0,"237":0}},"/home/travis/build/npmtest/node-npmtest-react-tools/node_modules/react-tools/src/utils/traverseAllChildren.js":{"path":"/home/travis/build/npmtest/node-npmtest-react-tools/node_modules/react-tools/src/utils/traverseAllChildren.js","s":{"1":2,"2":0,"3":0,"4":0,"5":0,"6":0,"7":0,"8":0,"9":0,"10":0,"11":0,"12":1,"13":0,"14":1,"15":0,"16":0,"17":0,"18":1,"19":0,"20":1,"21":0,"22":1,"23":0,"24":0,"25":0,"26":0,"27":0,"28":0,"29":0,"30":0,"31":0,"32":0,"33":0,"34":0,"35":0,"36":0,"37":0,"38":0,"39":0,"40":0,"41":0,"42":0,"43":0,"44":0,"45":0,"46":0,"47":0,"48":0,"49":0,"50":0,"51":0,"52":0,"53":0,"54":0,"55":0,"56":0,"57":0,"58":0,"59":0,"60":0,"61":0,"62":0,"63":0,"64":0,"65":0,"66":0,"67":0,"68":1,"69":0,"70":0,"71":0,"72":0},"b":{"1":[0,0],"2":[0,0],"3":[0,0],"4":[0,0],"5":[0,0],"6":[0,0,0,0],"7":[0,0],"8":[0,0],"9":[0,0],"10":[0,0],"11":[0,0],"12":[0,0],"13":[0,0],"14":[0,0],"15":[0,0],"16":[0,0],"17":[0,0],"18":[0,0],"19":[0,0]},"f":{"1":0,"2":0,"3":0,"4":0,"5":0,"6":0},"fnMap":{"1":{"name":"userProvidedKeyEscaper","line":40,"loc":{"start":{"line":40,"column":0},"end":{"line":40,"column":39}}},"2":{"name":"getComponentKey","line":51,"loc":{"start":{"line":51,"column":0},"end":{"line":51,"column":43}}},"3":{"name":"escapeUserProvidedKey","line":66,"loc":{"start":{"line":66,"column":0},"end":{"line":66,"column":37}}},"4":{"name":"wrapUserProvidedKey","line":80,"loc":{"start":{"line":80,"column":0},"end":{"line":80,"column":34}}},"5":{"name":"traverseAllChildrenImpl","line":93,"loc":{"start":{"line":93,"column":0},"end":{"line":99,"column":2}}},"6":{"name":"traverseAllChildren","line":241,"loc":{"start":{"line":241,"column":0},"end":{"line":241,"column":66}}}},"statementMap":{"1":{"start":{"line":14,"column":0},"end":{"line":14,"column":43}},"2":{"start":{"line":15,"column":0},"end":{"line":15,"column":45}},"3":{"start":{"line":16,"column":0},"end":{"line":16,"column":59}},"4":{"start":{"line":18,"column":0},"end":{"line":18,"column":45}},"5":{"start":{"line":19,"column":0},"end":{"line":19,"column":37}},"6":{"start":{"line":20,"column":0},"end":{"line":20,"column":33}},"7":{"start":{"line":22,"column":0},"end":{"line":22,"column":47}},"8":{"start":{"line":23,"column":0},"end":{"line":23,"column":23}},"9":{"start":{"line":30,"column":0},"end":{"line":34,"column":2}},"10":{"start":{"line":36,"column":0},"end":{"line":36,"column":42}},"11":{"start":{"line":38,"column":0},"end":{"line":38,"column":29}},"12":{"start":{"line":40,"column":0},"end":{"line":42,"column":1}},"13":{"start":{"line":41,"column":2},"end":{"line":41,"column":45}},"14":{"start":{"line":51,"column":0},"end":{"line":58,"column":1}},"15":{"start":{"line":52,"column":2},"end":{"line":55,"column":3}},"16":{"start":{"line":54,"column":4},"end":{"line":54,"column":46}},"17":{"start":{"line":57,"column":2},"end":{"line":57,"column":28}},"18":{"start":{"line":66,"column":0},"end":{"line":71,"column":1}},"19":{"start":{"line":67,"column":2},"end":{"line":70,"column":4}},"20":{"start":{"line":80,"column":0},"end":{"line":82,"column":1}},"21":{"start":{"line":81,"column":2},"end":{"line":81,"column":42}},"22":{"start":{"line":93,"column":0},"end":{"line":223,"column":1}},"23":{"start":{"line":100,"column":2},"end":{"line":100,"column":29}},"24":{"start":{"line":102,"column":2},"end":{"line":105,"column":3}},"25":{"start":{"line":104,"column":4},"end":{"line":104,"column":20}},"26":{"start":{"line":107,"column":2},"end":{"line":120,"column":3}},"27":{"start":{"line":111,"column":4},"end":{"line":118,"column":6}},"28":{"start":{"line":119,"column":4},"end":{"line":119,"column":13}},"29":{"start":{"line":122,"column":2},"end":{"line":122,"column":33}},"30":{"start":{"line":123,"column":2},"end":{"line":123,"column":23}},"31":{"start":{"line":125,"column":2},"end":{"line":220,"column":3}},"32":{"start":{"line":126,"column":4},"end":{"line":140,"column":5}},"33":{"start":{"line":127,"column":6},"end":{"line":127,"column":26}},"34":{"start":{"line":128,"column":6},"end":{"line":131,"column":8}},"35":{"start":{"line":132,"column":6},"end":{"line":132,"column":44}},"36":{"start":{"line":133,"column":6},"end":{"line":139,"column":8}},"37":{"start":{"line":142,"column":4},"end":{"line":142,"column":45}},"38":{"start":{"line":143,"column":4},"end":{"line":219,"column":5}},"39":{"start":{"line":144,"column":6},"end":{"line":144,"column":47}},"40":{"start":{"line":145,"column":6},"end":{"line":145,"column":15}},"41":{"start":{"line":146,"column":6},"end":{"line":193,"column":7}},"42":{"start":{"line":147,"column":8},"end":{"line":147,"column":19}},"43":{"start":{"line":148,"column":8},"end":{"line":162,"column":9}},"44":{"start":{"line":149,"column":10},"end":{"line":149,"column":29}},"45":{"start":{"line":150,"column":10},"end":{"line":153,"column":12}},"46":{"start":{"line":154,"column":10},"end":{"line":154,"column":48}},"47":{"start":{"line":155,"column":10},"end":{"line":161,"column":12}},"48":{"start":{"line":164,"column":8},"end":{"line":172,"column":9}},"49":{"start":{"line":165,"column":10},"end":{"line":170,"column":12}},"50":{"start":{"line":171,"column":10},"end":{"line":171,"column":34}},"51":{"start":{"line":174,"column":8},"end":{"line":192,"column":9}},"52":{"start":{"line":175,"column":10},"end":{"line":175,"column":33}},"53":{"start":{"line":176,"column":10},"end":{"line":191,"column":11}},"54":{"start":{"line":177,"column":12},"end":{"line":177,"column":29}},"55":{"start":{"line":178,"column":12},"end":{"line":182,"column":14}},"56":{"start":{"line":183,"column":12},"end":{"line":183,"column":50}},"57":{"start":{"line":184,"column":12},"end":{"line":190,"column":14}},"58":{"start":{"line":194,"column":11},"end":{"line":219,"column":5}},"59":{"start":{"line":195,"column":6},"end":{"line":199,"column":8}},"60":{"start":{"line":200,"column":6},"end":{"line":200,"column":53}},"61":{"start":{"line":201,"column":6},"end":{"line":218,"column":7}},"62":{"start":{"line":202,"column":8},"end":{"line":217,"column":9}},"63":{"start":{"line":203,"column":10},"end":{"line":203,"column":32}},"64":{"start":{"line":204,"column":10},"end":{"line":208,"column":12}},"65":{"start":{"line":209,"column":10},"end":{"line":209,"column":48}},"66":{"start":{"line":210,"column":10},"end":{"line":216,"column":12}},"67":{"start":{"line":222,"column":2},"end":{"line":222,"column":22}},"68":{"start":{"line":241,"column":0},"end":{"line":247,"column":1}},"69":{"start":{"line":242,"column":2},"end":{"line":244,"column":3}},"70":{"start":{"line":243,"column":4},"end":{"line":243,"column":13}},"71":{"start":{"line":246,"column":2},"end":{"line":246,"column":77}},"72":{"start":{"line":249,"column":0},"end":{"line":249,"column":37}}},"branchMap":{"1":{"line":52,"type":"if","locations":[{"start":{"line":52,"column":2},"end":{"line":52,"column":2}},{"start":{"line":52,"column":2},"end":{"line":52,"column":2}}]},"2":{"line":52,"type":"binary-expr","locations":[{"start":{"line":52,"column":6},"end":{"line":52,"column":15}},{"start":{"line":52,"column":19},"end":{"line":52,"column":40}}]},"3":{"line":102,"type":"if","locations":[{"start":{"line":102,"column":2},"end":{"line":102,"column":2}},{"start":{"line":102,"column":2},"end":{"line":102,"column":2}}]},"4":{"line":102,"type":"binary-expr","locations":[{"start":{"line":102,"column":6},"end":{"line":102,"column":26}},{"start":{"line":102,"column":30},"end":{"line":102,"column":48}}]},"5":{"line":107,"type":"if","locations":[{"start":{"line":107,"column":2},"end":{"line":107,"column":2}},{"start":{"line":107,"column":2},"end":{"line":107,"column":2}}]},"6":{"line":107,"type":"binary-expr","locations":[{"start":{"line":107,"column":6},"end":{"line":107,"column":23}},{"start":{"line":108,"column":6},"end":{"line":108,"column":23}},{"start":{"line":109,"column":6},"end":{"line":109,"column":23}},{"start":{"line":110,"column":6},"end":{"line":110,"column":43}}]},"7":{"line":116,"type":"cond-expr","locations":[{"start":{"line":116,"column":25},"end":{"line":116,"column":65}},{"start":{"line":116,"column":68},"end":{"line":116,"column":77}}]},"8":{"line":125,"type":"if","locations":[{"start":{"line":125,"column":2},"end":{"line":125,"column":2}},{"start":{"line":125,"column":2},"end":{"line":125,"column":2}}]},"9":{"line":129,"type":"cond-expr","locations":[{"start":{"line":129,"column":28},"end":{"line":129,"column":52}},{"start":{"line":129,"column":55},"end":{"line":129,"column":64}}]},"10":{"line":143,"type":"if","locations":[{"start":{"line":143,"column":4},"end":{"line":143,"column":4}},{"start":{"line":143,"column":4},"end":{"line":143,"column":4}}]},"11":{"line":146,"type":"if","locations":[{"start":{"line":146,"column":6},"end":{"line":146,"column":6}},{"start":{"line":146,"column":6},"end":{"line":146,"column":6}}]},"12":{"line":151,"type":"cond-expr","locations":[{"start":{"line":151,"column":32},"end":{"line":151,"column":56}},{"start":{"line":151,"column":59},"end":{"line":151,"column":68}}]},"13":{"line":164,"type":"if","locations":[{"start":{"line":164,"column":8},"end":{"line":164,"column":8}},{"start":{"line":164,"column":8},"end":{"line":164,"column":8}}]},"14":{"line":176,"type":"if","locations":[{"start":{"line":176,"column":10},"end":{"line":176,"column":10}},{"start":{"line":176,"column":10},"end":{"line":176,"column":10}}]},"15":{"line":179,"type":"cond-expr","locations":[{"start":{"line":179,"column":34},"end":{"line":179,"column":58}},{"start":{"line":179,"column":61},"end":{"line":179,"column":70}}]},"16":{"line":194,"type":"if","locations":[{"start":{"line":194,"column":11},"end":{"line":194,"column":11}},{"start":{"line":194,"column":11},"end":{"line":194,"column":11}}]},"17":{"line":202,"type":"if","locations":[{"start":{"line":202,"column":8},"end":{"line":202,"column":8}},{"start":{"line":202,"column":8},"end":{"line":202,"column":8}}]},"18":{"line":205,"type":"cond-expr","locations":[{"start":{"line":205,"column":32},"end":{"line":205,"column":56}},{"start":{"line":205,"column":59},"end":{"line":205,"column":68}}]},"19":{"line":242,"type":"if","locations":[{"start":{"line":242,"column":2},"end":{"line":242,"column":2}},{"start":{"line":242,"column":2},"end":{"line":242,"column":2}}]}},"code":["/**"," * Copyright 2013-2015, Facebook, Inc."," * All rights reserved."," *"," * This source code is licensed under the BSD-style license found in the"," * LICENSE file in the root directory of this source tree. An additional grant"," * of patent rights can be found in the PATENTS file in the same directory."," *"," * @providesModule traverseAllChildren"," */","","'use strict';","","var ReactElement = require('ReactElement');","var ReactFragment = require('ReactFragment');","var ReactInstanceHandles = require('ReactInstanceHandles');","","var getIteratorFn = require('getIteratorFn');","var invariant = require('invariant');","var warning = require('warning');","","var SEPARATOR = ReactInstanceHandles.SEPARATOR;","var SUBSEPARATOR = ':';","","/**"," * TODO: Test that a single child and an array with one item have the same key"," * pattern."," */","","var userProvidedKeyEscaperLookup = {","  '=': '=0',","  '.': '=1',","  ':': '=2'","};","","var userProvidedKeyEscapeRegex = /[=.:]/g;","","var didWarnAboutMaps = false;","","function userProvidedKeyEscaper(match) {","  return userProvidedKeyEscaperLookup[match];","}","","/**"," * Generate a key string that identifies a component within a set."," *"," * @param {*} component A component that could contain a manual key."," * @param {number} index Index that is used if a manual key is not provided."," * @return {string}"," */","function getComponentKey(component, index) {","  if (component && component.key != null) {","    // Explicit key","    return wrapUserProvidedKey(component.key);","  }","  // Implicit key determined by the index in the set","  return index.toString(36);","}","","/**"," * Escape a component key so that it is safe to use in a reactid."," *"," * @param {*} key Component key to be escaped."," * @return {string} An escaped string."," */","function escapeUserProvidedKey(text) {","  return ('' + text).replace(","    userProvidedKeyEscapeRegex,","    userProvidedKeyEscaper","  );","}","","/**"," * Wrap a `key` value explicitly provided by the user to distinguish it from"," * implicitly-generated keys generated by a component's index in its parent."," *"," * @param {string} key Value of a user-provided `key` attribute"," * @return {string}"," */","function wrapUserProvidedKey(key) {","  return '$' + escapeUserProvidedKey(key);","}","","/**"," * @param {?*} children Children tree container."," * @param {!string} nameSoFar Name of the key path so far."," * @param {!number} indexSoFar Number of children encountered until this point."," * @param {!function} callback Callback to invoke with each child found."," * @param {?*} traverseContext Used to pass information throughout the traversal"," * process."," * @return {!number} The number of children in this subtree."," */","function traverseAllChildrenImpl(","  children,","  nameSoFar,","  indexSoFar,","  callback,","  traverseContext",") {","  var type = typeof children;","","  if (type === 'undefined' || type === 'boolean') {","    // All of the above are perceived as null.","    children = null;","  }","","  if (children === null ||","      type === 'string' ||","      type === 'number' ||","      ReactElement.isValidElement(children)) {","    callback(","      traverseContext,","      children,","      // If it's the only child, treat the name as if it was wrapped in an array","      // so that it's consistent if the number of children grows.","      nameSoFar === '' ? SEPARATOR + getComponentKey(children, 0) : nameSoFar,","      indexSoFar","    );","    return 1;","  }","","  var child, nextName, nextIndex;","  var subtreeCount = 0; // Count of children found in the current subtree.","","  if (Array.isArray(children)) {","    for (var i = 0; i < children.length; i++) {","      child = children[i];","      nextName = (","        (nameSoFar !== '' ? nameSoFar + SUBSEPARATOR : SEPARATOR) +","        getComponentKey(child, i)","      );","      nextIndex = indexSoFar + subtreeCount;","      subtreeCount += traverseAllChildrenImpl(","        child,","        nextName,","        nextIndex,","        callback,","        traverseContext","      );","    }","  } else {","    var iteratorFn = getIteratorFn(children);","    if (iteratorFn) {","      var iterator = iteratorFn.call(children);","      var step;","      if (iteratorFn !== children.entries) {","        var ii = 0;","        while (!(step = iterator.next()).done) {","          child = step.value;","          nextName = (","            (nameSoFar !== '' ? nameSoFar + SUBSEPARATOR : SEPARATOR) +","            getComponentKey(child, ii++)","          );","          nextIndex = indexSoFar + subtreeCount;","          subtreeCount += traverseAllChildrenImpl(","            child,","            nextName,","            nextIndex,","            callback,","            traverseContext","          );","        }","      } else {","        if (__DEV__) {","          warning(","            didWarnAboutMaps,","            'Using Maps as children is not yet fully supported. It is an ' +","            'experimental feature that might be removed. Convert it to a ' +","            'sequence / iterable of keyed ReactElements instead.'","          );","          didWarnAboutMaps = true;","        }","        // Iterator will provide entry [k,v] tuples rather than values.","        while (!(step = iterator.next()).done) {","          var entry = step.value;","          if (entry) {","            child = entry[1];","            nextName = (","              (nameSoFar !== '' ? nameSoFar + SUBSEPARATOR : SEPARATOR) +","              wrapUserProvidedKey(entry[0]) + SUBSEPARATOR +","              getComponentKey(child, 0)","            );","            nextIndex = indexSoFar + subtreeCount;","            subtreeCount += traverseAllChildrenImpl(","              child,","              nextName,","              nextIndex,","              callback,","              traverseContext","            );","          }","        }","      }","    } else if (type === 'object') {","      invariant(","        children.nodeType !== 1,","        'traverseAllChildren(...): Encountered an invalid child; DOM ' +","        'elements are not valid children of React components.'","      );","      var fragment = ReactFragment.extract(children);","      for (var key in fragment) {","        if (fragment.hasOwnProperty(key)) {","          child = fragment[key];","          nextName = (","            (nameSoFar !== '' ? nameSoFar + SUBSEPARATOR : SEPARATOR) +","            wrapUserProvidedKey(key) + SUBSEPARATOR +","            getComponentKey(child, 0)","          );","          nextIndex = indexSoFar + subtreeCount;","          subtreeCount += traverseAllChildrenImpl(","            child,","            nextName,","            nextIndex,","            callback,","            traverseContext","          );","        }","      }","    }","  }","","  return subtreeCount;","}","","/**"," * Traverses children that are typically specified as `props.children`, but"," * might also be specified through attributes:"," *"," * - `traverseAllChildren(this.props.children, ...)`"," * - `traverseAllChildren(this.props.leftPanelChildren, ...)`"," *"," * The `traverseContext` is an optional argument that is passed through the"," * entire traversal. It can be used to store accumulations or anything else that"," * the callback might find relevant."," *"," * @param {?*} children Children tree object."," * @param {!function} callback To invoke upon traversing each child."," * @param {?*} traverseContext Context for traversal."," * @return {!number} The number of children in this subtree."," */","function traverseAllChildren(children, callback, traverseContext) {","  if (children == null) {","    return 0;","  }","","  return traverseAllChildrenImpl(children, '', 0, callback, traverseContext);","}","","module.exports = traverseAllChildren;",""],"l":{"14":2,"15":0,"16":0,"18":0,"19":0,"20":0,"22":0,"23":0,"30":0,"36":0,"38":0,"40":1,"41":0,"51":1,"52":0,"54":0,"57":0,"66":1,"67":0,"80":1,"81":0,"93":1,"100":0,"102":0,"104":0,"107":0,"111":0,"119":0,"122":0,"123":0,"125":0,"126":0,"127":0,"128":0,"132":0,"133":0,"142":0,"143":0,"144":0,"145":0,"146":0,"147":0,"148":0,"149":0,"150":0,"154":0,"155":0,"164":0,"165":0,"171":0,"174":0,"175":0,"176":0,"177":0,"178":0,"183":0,"184":0,"194":0,"195":0,"200":0,"201":0,"202":0,"203":0,"204":0,"209":0,"210":0,"222":0,"241":1,"242":0,"243":0,"246":0,"249":0}}}